<?xml version="1.0" encoding="UTF-8"?>
<coverage generated="1753954226197" clover="3.2.0">
  <project timestamp="1753954226197" name="All files">
    <metrics statements="327" coveredstatements="285" conditionals="96" coveredconditionals="62" methods="76" coveredmethods="57" elements="499" coveredelements="404" complexity="0" loc="327" ncloc="327" packages="7" files="18" classes="18"/>
    <package name="src">
      <metrics statements="79" coveredstatements="56" conditionals="37" coveredconditionals="23" methods="15" coveredmethods="10"/>
      <file name="App.tsx" path="/workspace/project/dr-dash-hub/src/App.tsx">
        <metrics statements="79" coveredstatements="56" conditionals="37" coveredconditionals="23" methods="15" coveredmethods="10"/>
        <line num="1" count="1" type="stmt"/>
        <line num="2" count="1" type="stmt"/>
        <line num="3" count="1" type="stmt"/>
        <line num="4" count="1" type="stmt"/>
        <line num="5" count="1" type="stmt"/>
        <line num="6" count="1" type="stmt"/>
        <line num="7" count="1" type="stmt"/>
        <line num="9" count="1" type="stmt"/>
        <line num="10" count="1" type="stmt"/>
        <line num="11" count="1" type="stmt"/>
        <line num="12" count="1" type="stmt"/>
        <line num="14" count="1" type="stmt"/>
        <line num="18" count="1" type="stmt"/>
        <line num="19" count="51" type="stmt"/>
        <line num="20" count="50" type="stmt"/>
        <line num="21" count="50" type="stmt"/>
        <line num="22" count="50" type="stmt"/>
        <line num="23" count="50" type="stmt"/>
        <line num="26" count="50" type="stmt"/>
        <line num="28" count="16" type="stmt"/>
        <line num="30" count="16" type="stmt"/>
        <line num="31" count="16" type="cond" truecount="2" falsecount="0"/>
        <line num="33" count="16" type="cond" truecount="1" falsecount="1"/>
        <line num="34" count="0" type="stmt"/>
        <line num="35" count="16" type="cond" truecount="3" falsecount="1"/>
        <line num="36" count="0" type="stmt"/>
        <line num="39" count="16" type="stmt"/>
        <line num="44" count="16" type="stmt"/>
        <line num="45" count="15" type="stmt"/>
        <line num="46" count="15" type="cond" truecount="2" falsecount="0"/>
        <line num="48" count="15" type="cond" truecount="2" falsecount="0"/>
        <line num="49" count="6" type="stmt"/>
        <line num="52" count="15" type="stmt"/>
        <line num="55" count="16" type="stmt"/>
        <line num="58" count="50" type="stmt"/>
        <line num="59" count="3" type="stmt"/>
        <line num="60" count="3" type="stmt"/>
        <line num="63" count="50" type="stmt"/>
        <line num="64" count="5" type="stmt"/>
        <line num="65" count="5" type="stmt"/>
        <line num="68" count="50" type="stmt"/>
        <line num="69" count="0" type="stmt"/>
        <line num="70" count="0" type="cond" truecount="0" falsecount="2"/>
        <line num="71" count="0" type="stmt"/>
        <line num="78" count="0" type="cond" truecount="0" falsecount="2"/>
        <line num="80" count="0" type="stmt"/>
        <line num="84" count="0" type="cond" truecount="0" falsecount="2"/>
        <line num="87" count="0" type="stmt"/>
        <line num="88" count="0" type="stmt"/>
        <line num="92" count="50" type="stmt"/>
        <line num="93" count="1" type="stmt"/>
        <line num="94" count="1" type="stmt"/>
        <line num="95" count="1" type="stmt"/>
        <line num="97" count="0" type="stmt"/>
        <line num="101" count="50" type="stmt"/>
        <line num="102" count="0" type="cond" truecount="0" falsecount="2"/>
        <line num="103" count="0" type="stmt"/>
        <line num="106" count="0" type="stmt"/>
        <line num="107" count="0" type="stmt"/>
        <line num="109" count="0" type="stmt"/>
        <line num="114" count="50" type="stmt"/>
        <line num="116" count="50" type="cond" truecount="2" falsecount="0"/>
        <line num="117" count="16" type="stmt"/>
        <line num="125" count="34" type="cond" truecount="4" falsecount="1"/>
        <line num="126" count="0" type="stmt"/>
        <line num="127" count="0" type="stmt"/>
        <line num="130" count="34" type="cond" truecount="5" falsecount="1"/>
        <line num="132" count="16" type="stmt"/>
        <line num="141" count="8" type="stmt"/>
        <line num="144" count="0" type="stmt"/>
        <line num="147" count="0" type="stmt"/>
        <line num="148" count="0" type="stmt"/>
        <line num="154" count="6" type="cond" truecount="1" falsecount="1"/>
        <line num="158" count="4" type="stmt"/>
        <line num="163" count="4" type="cond" truecount="1" falsecount="1"/>
        <line num="166" count="0" type="stmt"/>
        <line num="173" count="0" type="stmt"/>
        <line num="177" count="50" type="stmt"/>
        <line num="192" count="1" type="stmt"/>
      </file>
    </package>
    <package name="src.__tests__">
      <metrics statements="23" coveredstatements="23" conditionals="0" coveredconditionals="0" methods="4" coveredmethods="4"/>
      <file name="App-test-utils.tsx" path="/workspace/project/dr-dash-hub/src/__tests__/App-test-utils.tsx">
        <metrics statements="11" coveredstatements="11" conditionals="0" coveredconditionals="0" methods="2" coveredmethods="2"/>
        <line num="1" count="1" type="stmt"/>
        <line num="2" count="1" type="stmt"/>
        <line num="3" count="1" type="stmt"/>
        <line num="4" count="1" type="stmt"/>
        <line num="7" count="1" type="stmt"/>
        <line num="8" count="16" type="stmt"/>
        <line num="16" count="16" type="stmt"/>
        <line num="25" count="1" type="stmt"/>
        <line num="28" count="16" type="stmt"/>
        <line num="31" count="1" type="stmt"/>
        <line num="34" count="1" type="stmt"/>
      </file>
      <file name="test-utils.tsx" path="/workspace/project/dr-dash-hub/src/__tests__/test-utils.tsx">
        <metrics statements="12" coveredstatements="12" conditionals="0" coveredconditionals="0" methods="2" coveredmethods="2"/>
        <line num="1" count="8" type="stmt"/>
        <line num="2" count="8" type="stmt"/>
        <line num="3" count="8" type="stmt"/>
        <line num="4" count="8" type="stmt"/>
        <line num="5" count="8" type="stmt"/>
        <line num="8" count="8" type="stmt"/>
        <line num="9" count="47" type="stmt"/>
        <line num="17" count="47" type="stmt"/>
        <line num="28" count="8" type="stmt"/>
        <line num="31" count="47" type="stmt"/>
        <line num="34" count="8" type="stmt"/>
        <line num="37" count="8" type="stmt"/>
      </file>
    </package>
    <package name="src.components">
      <metrics statements="23" coveredstatements="23" conditionals="12" coveredconditionals="12" methods="8" coveredmethods="8"/>
      <file name="Navbar.tsx" path="/workspace/project/dr-dash-hub/src/components/Navbar.tsx">
        <metrics statements="11" coveredstatements="11" conditionals="5" coveredconditionals="5" methods="4" coveredmethods="4"/>
        <line num="1" count="1" type="stmt"/>
        <line num="2" count="1" type="stmt"/>
        <line num="3" count="1" type="stmt"/>
        <line num="14" count="1" type="stmt"/>
        <line num="22" count="7" type="stmt"/>
        <line num="24" count="7" type="stmt"/>
        <line num="40" count="2" type="stmt"/>
        <line num="52" count="1" type="stmt"/>
        <line num="53" count="1" type="stmt"/>
        <line num="62" count="1" type="stmt"/>
        <line num="63" count="1" type="stmt"/>
      </file>
      <file name="TLDRCard.tsx" path="/workspace/project/dr-dash-hub/src/components/TLDRCard.tsx">
        <metrics statements="12" coveredstatements="12" conditionals="7" coveredconditionals="7" methods="4" coveredmethods="4"/>
        <line num="1" count="1" type="stmt"/>
        <line num="2" count="1" type="stmt"/>
        <line num="3" count="1" type="stmt"/>
        <line num="4" count="1" type="stmt"/>
        <line num="18" count="1" type="stmt"/>
        <line num="19" count="8" type="stmt"/>
        <line num="21" count="8" type="stmt"/>
        <line num="22" count="8" type="stmt"/>
        <line num="23" count="8" type="stmt"/>
        <line num="31" count="8" type="stmt"/>
        <line num="57" count="3" type="stmt"/>
        <line num="71" count="4" type="stmt"/>
      </file>
    </package>
    <package name="src.components.ui">
      <metrics statements="100" coveredstatements="95" conditionals="9" coveredconditionals="4" methods="20" coveredmethods="14"/>
      <file name="button.tsx" path="/workspace/project/dr-dash-hub/src/components/ui/button.tsx">
        <metrics statements="10" coveredstatements="10" conditionals="3" coveredconditionals="3" methods="1" coveredmethods="1"/>
        <line num="1" count="5" type="stmt"/>
        <line num="2" count="5" type="stmt"/>
        <line num="3" count="5" type="stmt"/>
        <line num="5" count="5" type="stmt"/>
        <line num="7" count="5" type="stmt"/>
        <line num="45" count="5" type="stmt"/>
        <line num="47" count="103" type="cond" truecount="2" falsecount="0"/>
        <line num="48" count="103" type="stmt"/>
        <line num="57" count="5" type="stmt"/>
        <line num="59" count="5" type="stmt"/>
      </file>
      <file name="card.tsx" path="/workspace/project/dr-dash-hub/src/components/ui/card.tsx">
        <metrics statements="21" coveredstatements="21" conditionals="0" coveredconditionals="0" methods="6" coveredmethods="6"/>
        <line num="1" count="3" type="stmt"/>
        <line num="3" count="3" type="stmt"/>
        <line num="5" count="3" type="stmt"/>
        <line num="9" count="34" type="stmt"/>
        <line num="18" count="3" type="stmt"/>
        <line num="20" count="3" type="stmt"/>
        <line num="24" count="30" type="stmt"/>
        <line num="30" count="3" type="stmt"/>
        <line num="32" count="3" type="stmt"/>
        <line num="36" count="20" type="stmt"/>
        <line num="45" count="3" type="stmt"/>
        <line num="47" count="3" type="stmt"/>
        <line num="51" count="20" type="stmt"/>
        <line num="57" count="3" type="stmt"/>
        <line num="59" count="3" type="stmt"/>
        <line num="63" count="28" type="stmt"/>
        <line num="65" count="3" type="stmt"/>
        <line num="67" count="3" type="stmt"/>
        <line num="71" count="2" type="stmt"/>
        <line num="77" count="3" type="stmt"/>
        <line num="79" count="3" type="stmt"/>
      </file>
      <file name="input.tsx" path="/workspace/project/dr-dash-hub/src/components/ui/input.tsx">
        <metrics statements="6" coveredstatements="6" conditionals="0" coveredconditionals="0" methods="1" coveredmethods="1"/>
        <line num="1" count="1" type="stmt"/>
        <line num="3" count="1" type="stmt"/>
        <line num="5" count="1" type="stmt"/>
        <line num="7" count="36" type="stmt"/>
        <line num="20" count="1" type="stmt"/>
        <line num="22" count="1" type="stmt"/>
      </file>
      <file name="label.tsx" path="/workspace/project/dr-dash-hub/src/components/ui/label.tsx">
        <metrics statements="9" coveredstatements="9" conditionals="0" coveredconditionals="0" methods="1" coveredmethods="1"/>
        <line num="1" count="1" type="stmt"/>
        <line num="2" count="1" type="stmt"/>
        <line num="3" count="1" type="stmt"/>
        <line num="5" count="1" type="stmt"/>
        <line num="7" count="1" type="stmt"/>
        <line num="11" count="1" type="stmt"/>
        <line num="16" count="36" type="stmt"/>
        <line num="22" count="1" type="stmt"/>
        <line num="24" count="1" type="stmt"/>
      </file>
      <file name="sonner.tsx" path="/workspace/project/dr-dash-hub/src/components/ui/sonner.tsx">
        <metrics statements="6" coveredstatements="6" conditionals="1" coveredconditionals="1" methods="2" coveredmethods="1"/>
        <line num="1" count="1" type="stmt"/>
        <line num="2" count="1" type="stmt"/>
        <line num="6" count="1" type="stmt"/>
        <line num="7" count="50" type="cond" truecount="1" falsecount="0"/>
        <line num="9" count="50" type="stmt"/>
        <line num="29" count="1" type="stmt"/>
      </file>
      <file name="toast.tsx" path="/workspace/project/dr-dash-hub/src/components/ui/toast.tsx">
        <metrics statements="32" coveredstatements="29" conditionals="0" coveredconditionals="0" methods="6" coveredmethods="3"/>
        <line num="1" count="3" type="stmt"/>
        <line num="2" count="3" type="stmt"/>
        <line num="3" count="3" type="stmt"/>
        <line num="4" count="3" type="stmt"/>
        <line num="6" count="3" type="stmt"/>
        <line num="8" count="3" type="stmt"/>
        <line num="10" count="3" type="stmt"/>
        <line num="14" count="56" type="stmt"/>
        <line num="23" count="3" type="stmt"/>
        <line num="25" count="3" type="stmt"/>
        <line num="41" count="3" type="stmt"/>
        <line num="46" count="4" type="stmt"/>
        <line num="54" count="3" type="stmt"/>
        <line num="56" count="3" type="stmt"/>
        <line num="60" count="1" type="stmt"/>
        <line num="69" count="3" type="stmt"/>
        <line num="71" count="3" type="stmt"/>
        <line num="75" count="0" type="stmt"/>
        <line num="87" count="3" type="stmt"/>
        <line num="89" count="3" type="stmt"/>
        <line num="93" count="0" type="stmt"/>
        <line num="99" count="3" type="stmt"/>
        <line num="101" count="3" type="stmt"/>
        <line num="105" count="0" type="stmt"/>
        <line num="111" count="3" type="stmt"/>
        <line num="120" count="3" type="stmt"/>
        <line num="121" count="3" type="stmt"/>
        <line num="122" count="3" type="stmt"/>
        <line num="123" count="3" type="stmt"/>
        <line num="124" count="3" type="stmt"/>
        <line num="125" count="3" type="stmt"/>
        <line num="126" count="3" type="stmt"/>
      </file>
      <file name="toaster.tsx" path="/workspace/project/dr-dash-hub/src/components/ui/toaster.tsx">
        <metrics statements="6" coveredstatements="5" conditionals="4" coveredconditionals="0" methods="2" coveredmethods="1"/>
        <line num="1" count="2" type="stmt"/>
        <line num="2" count="2" type="stmt"/>
        <line num="11" count="2" type="stmt"/>
        <line num="12" count="53" type="stmt"/>
        <line num="14" count="52" type="stmt"/>
        <line num="17" count="0" type="stmt"/>
      </file>
      <file name="tooltip.tsx" path="/workspace/project/dr-dash-hub/src/components/ui/tooltip.tsx">
        <metrics statements="10" coveredstatements="9" conditionals="1" coveredconditionals="0" methods="1" coveredmethods="0"/>
        <line num="1" count="9" type="stmt"/>
        <line num="2" count="9" type="stmt"/>
        <line num="4" count="9" type="stmt"/>
        <line num="6" count="9" type="stmt"/>
        <line num="8" count="9" type="stmt"/>
        <line num="10" count="9" type="stmt"/>
        <line num="12" count="9" type="stmt"/>
        <line num="16" count="0" type="stmt"/>
        <line num="26" count="9" type="stmt"/>
        <line num="28" count="9" type="stmt"/>
      </file>
    </package>
    <package name="src.hooks">
      <metrics statements="65" coveredstatements="51" conditionals="20" coveredconditionals="7" methods="22" coveredmethods="14"/>
      <file name="use-mobile.tsx" path="/workspace/project/dr-dash-hub/src/hooks/use-mobile.tsx">
        <metrics statements="12" coveredstatements="11" conditionals="0" coveredconditionals="0" methods="4" coveredmethods="3"/>
        <line num="1" count="1" type="stmt"/>
        <line num="3" count="1" type="stmt"/>
        <line num="5" count="1" type="stmt"/>
        <line num="6" count="8" type="stmt"/>
        <line num="8" count="8" type="stmt"/>
        <line num="9" count="4" type="stmt"/>
        <line num="10" count="4" type="stmt"/>
        <line num="11" count="0" type="stmt"/>
        <line num="13" count="4" type="stmt"/>
        <line num="14" count="4" type="stmt"/>
        <line num="15" count="4" type="stmt"/>
        <line num="18" count="8" type="stmt"/>
      </file>
      <file name="use-toast.ts" path="/workspace/project/dr-dash-hub/src/hooks/use-toast.ts">
        <metrics statements="53" coveredstatements="40" conditionals="20" coveredconditionals="7" methods="18" coveredmethods="11"/>
        <line num="1" count="3" type="stmt"/>
        <line num="8" count="3" type="stmt"/>
        <line num="9" count="3" type="stmt"/>
        <line num="18" count="3" type="stmt"/>
        <line num="25" count="3" type="stmt"/>
        <line num="28" count="6" type="stmt"/>
        <line num="29" count="6" type="stmt"/>
        <line num="56" count="3" type="stmt"/>
        <line num="58" count="3" type="stmt"/>
        <line num="59" count="1" type="cond" truecount="1" falsecount="1"/>
        <line num="60" count="0" type="stmt"/>
        <line num="63" count="1" type="stmt"/>
        <line num="64" count="0" type="stmt"/>
        <line num="65" count="0" type="stmt"/>
        <line num="71" count="1" type="stmt"/>
        <line num="74" count="3" type="stmt"/>
        <line num="75" count="7" type="cond" truecount="2" falsecount="2"/>
        <line num="77" count="6" type="stmt"/>
        <line num="83" count="0" type="stmt"/>
        <line num="86" count="0" type="cond" truecount="0" falsecount="2"/>
        <line num="91" count="1" type="stmt"/>
        <line num="95" count="1" type="cond" truecount="1" falsecount="1"/>
        <line num="96" count="1" type="stmt"/>
        <line num="98" count="0" type="stmt"/>
        <line num="99" count="0" type="stmt"/>
        <line num="103" count="1" type="stmt"/>
        <line num="106" count="1" type="cond" truecount="2" falsecount="2"/>
        <line num="116" count="0" type="cond" truecount="0" falsecount="2"/>
        <line num="117" count="0" type="stmt"/>
        <line num="122" count="0" type="stmt"/>
        <line num="124" count="0" type="stmt"/>
        <line num="129" count="3" type="stmt"/>
        <line num="131" count="3" type="stmt"/>
        <line num="134" count="7" type="stmt"/>
        <line num="135" count="7" type="stmt"/>
        <line num="136" count="7" type="stmt"/>
        <line num="143" count="6" type="stmt"/>
        <line num="145" count="6" type="stmt"/>
        <line num="146" count="0" type="stmt"/>
        <line num="150" count="6" type="stmt"/>
        <line num="152" count="6" type="stmt"/>
        <line num="159" count="0" type="cond" truecount="0" falsecount="2"/>
        <line num="164" count="6" type="stmt"/>
        <line num="172" count="65" type="stmt"/>
        <line num="174" count="64" type="stmt"/>
        <line num="175" count="30" type="stmt"/>
        <line num="176" count="30" type="stmt"/>
        <line num="177" count="30" type="stmt"/>
        <line num="178" count="30" type="cond" truecount="1" falsecount="1"/>
        <line num="179" count="30" type="stmt"/>
        <line num="184" count="64" type="stmt"/>
        <line num="187" count="1" type="stmt"/>
        <line num="191" count="3" type="stmt"/>
      </file>
    </package>
    <package name="src.lib">
      <metrics statements="4" coveredstatements="4" conditionals="0" coveredconditionals="0" methods="1" coveredmethods="1"/>
      <file name="utils.ts" path="/workspace/project/dr-dash-hub/src/lib/utils.ts">
        <metrics statements="4" coveredstatements="4" conditionals="0" coveredconditionals="0" methods="1" coveredmethods="1"/>
        <line num="1" count="9" type="stmt"/>
        <line num="2" count="9" type="stmt"/>
        <line num="4" count="9" type="stmt"/>
        <line num="5" count="370" type="stmt"/>
      </file>
    </package>
    <package name="src.pages">
      <metrics statements="33" coveredstatements="33" conditionals="18" coveredconditionals="16" methods="6" coveredmethods="6"/>
      <file name="Auth.tsx" path="/workspace/project/dr-dash-hub/src/pages/Auth.tsx">
        <metrics statements="25" coveredstatements="25" conditionals="18" coveredconditionals="16" methods="5" coveredmethods="5"/>
        <line num="1" count="1" type="stmt"/>
        <line num="2" count="1" type="stmt"/>
        <line num="3" count="1" type="stmt"/>
        <line num="4" count="1" type="stmt"/>
        <line num="5" count="1" type="stmt"/>
        <line num="6" count="1" type="stmt"/>
        <line num="7" count="1" type="stmt"/>
        <line num="16" count="1" type="stmt"/>
        <line num="17" count="18" type="stmt"/>
        <line num="18" count="18" type="stmt"/>
        <line num="19" count="18" type="stmt"/>
        <line num="20" count="18" type="stmt"/>
        <line num="22" count="18" type="stmt"/>
        <line num="23" count="3" type="stmt"/>
        <line num="24" count="3" type="stmt"/>
        <line num="25" count="3" type="stmt"/>
        <line num="27" count="3" type="stmt"/>
        <line num="28" count="3" type="stmt"/>
        <line num="30" count="1" type="stmt"/>
        <line num="31" count="1" type="cond" truecount="1" falsecount="1"/>
        <line num="33" count="2" type="stmt"/>
        <line num="37" count="18" type="stmt"/>
        <line num="80" count="3" type="stmt"/>
        <line num="93" count="3" type="stmt"/>
        <line num="114" count="1" type="cond" truecount="1" falsecount="1"/>
      </file>
      <file name="Landing.tsx" path="/workspace/project/dr-dash-hub/src/pages/Landing.tsx">
        <metrics statements="8" coveredstatements="8" conditionals="0" coveredconditionals="0" methods="1" coveredmethods="1"/>
        <line num="1" count="1" type="stmt"/>
        <line num="2" count="1" type="stmt"/>
        <line num="3" count="1" type="stmt"/>
        <line num="4" count="1" type="stmt"/>
        <line num="5" count="1" type="stmt"/>
        <line num="12" count="1" type="stmt"/>
        <line num="14" count="7" type="stmt"/>
        <line num="26" count="7" type="stmt"/>
      </file>
    </package>
  </project>
</coverage>
