{"/workspace/project/dr-dash-hub/src/App.tsx": {"path":"/workspace/project/dr-dash-hub/src/App.tsx","statementMap":{"0":{"start":{"line":1,"column":0},"end":{"line":1,"column":50}},"1":{"start":{"line":2,"column":0},"end":{"line":2,"column":59}},"2":{"start":{"line":3,"column":0},"end":{"line":3,"column":58}},"3":{"start":{"line":4,"column":0},"end":{"line":4,"column":73}},"4":{"start":{"line":5,"column":0},"end":{"line":5,"column":64}},"5":{"start":{"line":6,"column":0},"end":{"line":6,"column":44}},"6":{"start":{"line":7,"column":0},"end":{"line":7,"column":58}},"7":{"start":{"line":9,"column":0},"end":{"line":9,"column":42}},"8":{"start":{"line":10,"column":0},"end":{"line":10,"column":36}},"9":{"start":{"line":11,"column":0},"end":{"line":11,"column":46}},"10":{"start":{"line":12,"column":0},"end":{"line":12,"column":44}},"11":{"start":{"line":14,"column":20},"end":{"line":14,"column":37}},"12":{"start":{"line":18,"column":12},"end":{"line":190,"column":1}},"13":{"start":{"line":19,"column":40},"end":{"line":19,"column":69}},"14":{"start":{"line":20,"column":26},"end":{"line":20,"column":53}},"15":{"start":{"line":21,"column":32},"end":{"line":21,"column":62}},"16":{"start":{"line":22,"column":34},"end":{"line":22,"column":71}},"17":{"start":{"line":23,"column":36},"end":{"line":23,"column":50}},"18":{"start":{"line":26,"column":2},"end":{"line":56,"column":9}},"19":{"start":{"line":28,"column":39},"end":{"line":40,"column":null}},"20":{"start":{"line":30,"column":8},"end":{"line":30,"column":28}},"21":{"start":{"line":31,"column":8},"end":{"line":31,"column":39}},"22":{"start":{"line":33,"column":8},"end":{"line":37,"column":9}},"23":{"start":{"line":34,"column":10},"end":{"line":34,"column":38}},"24":{"start":{"line":35,"column":15},"end":{"line":37,"column":9}},"25":{"start":{"line":36,"column":10},"end":{"line":36,"column":36}},"26":{"start":{"line":39,"column":8},"end":{"line":39,"column":28}},"27":{"start":{"line":44,"column":4},"end":{"line":53,"column":7}},"28":{"start":{"line":45,"column":6},"end":{"line":45,"column":26}},"29":{"start":{"line":46,"column":6},"end":{"line":46,"column":37}},"30":{"start":{"line":48,"column":6},"end":{"line":50,"column":7}},"31":{"start":{"line":49,"column":8},"end":{"line":49,"column":36}},"32":{"start":{"line":52,"column":6},"end":{"line":52,"column":26}},"33":{"start":{"line":55,"column":4},"end":{"line":55,"column":44}},"34":{"start":{"line":55,"column":17},"end":{"line":55,"column":43}},"35":{"start":{"line":58,"column":23},"end":{"line":61,"column":3}},"36":{"start":{"line":59,"column":4},"end":{"line":59,"column":26}},"37":{"start":{"line":60,"column":4},"end":{"line":60,"column":29}},"38":{"start":{"line":63,"column":22},"end":{"line":66,"column":3}},"39":{"start":{"line":64,"column":4},"end":{"line":64,"column":25}},"40":{"start":{"line":65,"column":4},"end":{"line":65,"column":28}},"41":{"start":{"line":68,"column":21},"end":{"line":90,"column":3}},"42":{"start":{"line":69,"column":4},"end":{"line":89,"column":5}},"43":{"start":{"line":70,"column":6},"end":{"line":85,"column":7}},"44":{"start":{"line":71,"column":26},"end":{"line":77,"column":10}},"45":{"start":{"line":78,"column":8},"end":{"line":78,"column":31}},"46":{"start":{"line":78,"column":19},"end":{"line":78,"column":31}},"47":{"start":{"line":80,"column":26},"end":{"line":83,"column":10}},"48":{"start":{"line":84,"column":8},"end":{"line":84,"column":31}},"49":{"start":{"line":84,"column":19},"end":{"line":84,"column":31}},"50":{"start":{"line":87,"column":6},"end":{"line":87,"column":42}},"51":{"start":{"line":88,"column":6},"end":{"line":88,"column":18}},"52":{"start":{"line":92,"column":23},"end":{"line":99,"column":3}},"53":{"start":{"line":93,"column":4},"end":{"line":98,"column":5}},"54":{"start":{"line":94,"column":6},"end":{"line":94,"column":36}},"55":{"start":{"line":95,"column":6},"end":{"line":95,"column":32}},"56":{"start":{"line":97,"column":6},"end":{"line":97,"column":44}},"57":{"start":{"line":101,"column":30},"end":{"line":112,"column":3}},"58":{"start":{"line":102,"column":4},"end":{"line":111,"column":5}},"59":{"start":{"line":103,"column":6},"end":{"line":110,"column":7}},"60":{"start":{"line":106,"column":8},"end":{"line":106,"column":38}},"61":{"start":{"line":107,"column":8},"end":{"line":107,"column":34}},"62":{"start":{"line":109,"column":8},"end":{"line":109,"column":56}},"63":{"start":{"line":114,"column":28},"end":{"line":175,"column":3}},"64":{"start":{"line":116,"column":4},"end":{"line":122,"column":5}},"65":{"start":{"line":117,"column":6},"end":{"line":121,"column":8}},"66":{"start":{"line":125,"column":4},"end":{"line":128,"column":5}},"67":{"start":{"line":126,"column":6},"end":{"line":126,"column":32}},"68":{"start":{"line":127,"column":6},"end":{"line":127,"column":18}},"69":{"start":{"line":130,"column":4},"end":{"line":174,"column":5}},"70":{"start":{"line":132,"column":8},"end":{"line":137,"column":10}},"71":{"start":{"line":141,"column":8},"end":{"line":151,"column":10}},"72":{"start":{"line":144,"column":26},"end":{"line":144,"column":51}},"73":{"start":{"line":147,"column":14},"end":{"line":147,"column":32}},"74":{"start":{"line":148,"column":14},"end":{"line":148,"column":35}},"75":{"start":{"line":154,"column":8},"end":{"line":160,"column":17}},"76":{"start":{"line":158,"column":30},"end":{"line":158,"column":56}},"77":{"start":{"line":163,"column":8},"end":{"line":170,"column":17}},"78":{"start":{"line":166,"column":26},"end":{"line":166,"column":53}},"79":{"start":{"line":173,"column":8},"end":{"line":173,"column":20}},"80":{"start":{"line":177,"column":2},"end":{"line":189,"column":4}},"81":{"start":{"line":192,"column":0},"end":{"line":192,"column":19}}},"fnMap":{"0":{"name":"(anonymous_0)","decl":{"start":{"line":18,"column":12},"end":{"line":18,"column":15}},"loc":{"start":{"line":18,"column":17},"end":{"line":190,"column":1}}},"1":{"name":"(anonymous_1)","decl":{"start":{"line":26,"column":12},"end":{"line":26,"column":15}},"loc":{"start":{"line":26,"column":17},"end":{"line":56,"column":3}}},"2":{"name":"(anonymous_2)","decl":{"start":{"line":29,"column":6},"end":{"line":29,"column":7}},"loc":{"start":{"line":29,"column":25},"end":{"line":40,"column":7}}},"3":{"name":"(anonymous_3)","decl":{"start":{"line":44,"column":36},"end":{"line":44,"column":37}},"loc":{"start":{"line":44,"column":62},"end":{"line":53,"column":5}}},"4":{"name":"(anonymous_4)","decl":{"start":{"line":55,"column":11},"end":{"line":55,"column":14}},"loc":{"start":{"line":55,"column":17},"end":{"line":55,"column":43}}},"5":{"name":"(anonymous_5)","decl":{"start":{"line":58,"column":23},"end":{"line":58,"column":26}},"loc":{"start":{"line":58,"column":28},"end":{"line":61,"column":3}}},"6":{"name":"(anonymous_6)","decl":{"start":{"line":63,"column":22},"end":{"line":63,"column":25}},"loc":{"start":{"line":63,"column":27},"end":{"line":66,"column":3}}},"7":{"name":"(anonymous_7)","decl":{"start":{"line":68,"column":21},"end":{"line":68,"column":26}},"loc":{"start":{"line":68,"column":82},"end":{"line":90,"column":3}}},"8":{"name":"(anonymous_8)","decl":{"start":{"line":92,"column":23},"end":{"line":92,"column":28}},"loc":{"start":{"line":92,"column":34},"end":{"line":99,"column":3}}},"9":{"name":"(anonymous_9)","decl":{"start":{"line":101,"column":30},"end":{"line":101,"column":35}},"loc":{"start":{"line":101,"column":41},"end":{"line":112,"column":3}}},"10":{"name":"(anonymous_10)","decl":{"start":{"line":114,"column":28},"end":{"line":114,"column":31}},"loc":{"start":{"line":114,"column":33},"end":{"line":175,"column":3}}},"11":{"name":"(anonymous_11)","decl":{"start":{"line":144,"column":20},"end":{"line":144,"column":23}},"loc":{"start":{"line":144,"column":26},"end":{"line":144,"column":51}}},"12":{"name":"(anonymous_12)","decl":{"start":{"line":146,"column":26},"end":{"line":146,"column":27}},"loc":{"start":{"line":146,"column":35},"end":{"line":149,"column":13}}},"13":{"name":"(anonymous_13)","decl":{"start":{"line":158,"column":24},"end":{"line":158,"column":27}},"loc":{"start":{"line":158,"column":30},"end":{"line":158,"column":56}}},"14":{"name":"(anonymous_14)","decl":{"start":{"line":166,"column":20},"end":{"line":166,"column":23}},"loc":{"start":{"line":166,"column":26},"end":{"line":166,"column":53}}}},"branchMap":{"0":{"loc":{"start":{"line":31,"column":16},"end":{"line":31,"column":37}},"type":"binary-expr","locations":[{"start":{"line":31,"column":16},"end":{"line":31,"column":29}},{"start":{"line":31,"column":33},"end":{"line":31,"column":37}}]},"1":{"loc":{"start":{"line":33,"column":8},"end":{"line":37,"column":9}},"type":"if","locations":[{"start":{"line":33,"column":8},"end":{"line":37,"column":9}},{"start":{"line":35,"column":15},"end":{"line":37,"column":9}}]},"2":{"loc":{"start":{"line":35,"column":15},"end":{"line":37,"column":9}},"type":"if","locations":[{"start":{"line":35,"column":15},"end":{"line":37,"column":9}},{"start":{},"end":{}}]},"3":{"loc":{"start":{"line":35,"column":19},"end":{"line":35,"column":76}},"type":"binary-expr","locations":[{"start":{"line":35,"column":19},"end":{"line":35,"column":46}},{"start":{"line":35,"column":50},"end":{"line":35,"column":76}}]},"4":{"loc":{"start":{"line":46,"column":14},"end":{"line":46,"column":35}},"type":"binary-expr","locations":[{"start":{"line":46,"column":14},"end":{"line":46,"column":27}},{"start":{"line":46,"column":31},"end":{"line":46,"column":35}}]},"5":{"loc":{"start":{"line":48,"column":6},"end":{"line":50,"column":7}},"type":"if","locations":[{"start":{"line":48,"column":6},"end":{"line":50,"column":7}},{"start":{},"end":{}}]},"6":{"loc":{"start":{"line":70,"column":6},"end":{"line":85,"column":7}},"type":"if","locations":[{"start":{"line":70,"column":6},"end":{"line":85,"column":7}},{"start":{"line":79,"column":13},"end":{"line":85,"column":7}}]},"7":{"loc":{"start":{"line":78,"column":8},"end":{"line":78,"column":31}},"type":"if","locations":[{"start":{"line":78,"column":8},"end":{"line":78,"column":31}},{"start":{},"end":{}}]},"8":{"loc":{"start":{"line":84,"column":8},"end":{"line":84,"column":31}},"type":"if","locations":[{"start":{"line":84,"column":8},"end":{"line":84,"column":31}},{"start":{},"end":{}}]},"9":{"loc":{"start":{"line":102,"column":4},"end":{"line":111,"column":5}},"type":"if","locations":[{"start":{"line":102,"column":4},"end":{"line":111,"column":5}},{"start":{},"end":{}}]},"10":{"loc":{"start":{"line":116,"column":4},"end":{"line":122,"column":5}},"type":"if","locations":[{"start":{"line":116,"column":4},"end":{"line":122,"column":5}},{"start":{},"end":{}}]},"11":{"loc":{"start":{"line":125,"column":4},"end":{"line":128,"column":5}},"type":"if","locations":[{"start":{"line":125,"column":4},"end":{"line":128,"column":5}},{"start":{},"end":{}}]},"12":{"loc":{"start":{"line":125,"column":8},"end":{"line":125,"column":76}},"type":"binary-expr","locations":[{"start":{"line":125,"column":8},"end":{"line":125,"column":13}},{"start":{"line":125,"column":18},"end":{"line":125,"column":45}},{"start":{"line":125,"column":49},"end":{"line":125,"column":75}}]},"13":{"loc":{"start":{"line":130,"column":4},"end":{"line":174,"column":5}},"type":"switch","locations":[{"start":{"line":131,"column":6},"end":{"line":137,"column":10}},{"start":{"line":139,"column":6},"end":{"line":139,"column":19}},{"start":{"line":140,"column":6},"end":{"line":151,"column":10}},{"start":{"line":153,"column":6},"end":{"line":160,"column":17}},{"start":{"line":162,"column":6},"end":{"line":170,"column":17}},{"start":{"line":172,"column":6},"end":{"line":173,"column":20}}]},"14":{"loc":{"start":{"line":154,"column":15},"end":{"line":160,"column":16}},"type":"cond-expr","locations":[{"start":{"line":155,"column":10},"end":{"line":158,"column":null}},{"start":{"line":160,"column":12},"end":{"line":160,"column":16}}]},"15":{"loc":{"start":{"line":163,"column":15},"end":{"line":170,"column":16}},"type":"cond-expr","locations":[{"start":{"line":164,"column":10},"end":{"line":168,"column":null}},{"start":{"line":170,"column":12},"end":{"line":170,"column":16}}]}},"s":{"0":1,"1":1,"2":1,"3":1,"4":1,"5":1,"6":1,"7":1,"8":1,"9":1,"10":1,"11":1,"12":1,"13":51,"14":50,"15":50,"16":50,"17":50,"18":50,"19":16,"20":16,"21":16,"22":16,"23":0,"24":16,"25":0,"26":16,"27":16,"28":15,"29":15,"30":15,"31":6,"32":15,"33":16,"34":16,"35":50,"36":3,"37":3,"38":50,"39":5,"40":5,"41":50,"42":0,"43":0,"44":0,"45":0,"46":0,"47":0,"48":0,"49":0,"50":0,"51":0,"52":50,"53":1,"54":1,"55":1,"56":0,"57":50,"58":0,"59":0,"60":0,"61":0,"62":0,"63":50,"64":50,"65":16,"66":34,"67":0,"68":0,"69":34,"70":16,"71":8,"72":0,"73":0,"74":0,"75":6,"76":4,"77":4,"78":0,"79":0,"80":50,"81":1},"f":{"0":51,"1":16,"2":16,"3":15,"4":16,"5":3,"6":5,"7":0,"8":1,"9":0,"10":50,"11":0,"12":0,"13":4,"14":0},"b":{"0":[16,16],"1":[0,16],"2":[0,16],"3":[16,16],"4":[15,9],"5":[6,9],"6":[0,0],"7":[0,0],"8":[0,0],"9":[0,0],"10":[16,34],"11":[0,34],"12":[34,24,24],"13":[16,5,8,6,4,0],"14":[6,0],"15":[4,0]}}
,"/workspace/project/dr-dash-hub/src/__tests__/App-test-utils.tsx": {"path":"/workspace/project/dr-dash-hub/src/__tests__/App-test-utils.tsx","statementMap":{"0":{"start":{"line":1,"column":0},"end":{"line":1,"column":44}},"1":{"start":{"line":2,"column":0},"end":{"line":2,"column":63}},"2":{"start":{"line":3,"column":0},"end":{"line":3,"column":73}},"3":{"start":{"line":4,"column":0},"end":{"line":4,"column":58}},"4":{"start":{"line":7,"column":21},"end":{"line":23,"column":1}},"5":{"start":{"line":8,"column":22},"end":{"line":14,"column":4}},"6":{"start":{"line":16,"column":2},"end":{"line":22,"column":4}},"7":{"start":{"line":25,"column":21},"end":{"line":28,"column":54}},"8":{"start":{"line":28,"column":5},"end":{"line":28,"column":54}},"9":{"start":{"line":34,"column":25},"end":{"line":34,"column":31}},"10":{"start":{"line":31,"column":0},"end":{"line":31,"column":39}}},"fnMap":{"0":{"name":"(anonymous_5)","decl":{"start":{"line":7,"column":21},"end":{"line":7,"column":22}},"loc":{"start":{"line":7,"column":69},"end":{"line":23,"column":1}}},"1":{"name":"(anonymous_6)","decl":{"start":{"line":25,"column":21},"end":{"line":25,"column":null}},"loc":{"start":{"line":28,"column":5},"end":{"line":28,"column":54}}}},"branchMap":{},"s":{"0":1,"1":1,"2":1,"3":1,"4":1,"5":16,"6":16,"7":1,"8":16,"9":1,"10":1},"f":{"0":16,"1":16},"b":{}}
,"/workspace/project/dr-dash-hub/src/__tests__/test-utils.tsx": {"path":"/workspace/project/dr-dash-hub/src/__tests__/test-utils.tsx","statementMap":{"0":{"start":{"line":1,"column":0},"end":{"line":1,"column":44}},"1":{"start":{"line":2,"column":0},"end":{"line":2,"column":63}},"2":{"start":{"line":3,"column":0},"end":{"line":3,"column":73}},"3":{"start":{"line":4,"column":0},"end":{"line":4,"column":49}},"4":{"start":{"line":5,"column":0},"end":{"line":5,"column":58}},"5":{"start":{"line":8,"column":24},"end":{"line":26,"column":1}},"6":{"start":{"line":9,"column":22},"end":{"line":15,"column":4}},"7":{"start":{"line":17,"column":2},"end":{"line":25,"column":4}},"8":{"start":{"line":28,"column":21},"end":{"line":31,"column":57}},"9":{"start":{"line":31,"column":5},"end":{"line":31,"column":57}},"10":{"start":{"line":37,"column":25},"end":{"line":37,"column":31}},"11":{"start":{"line":34,"column":0},"end":{"line":34,"column":39}}},"fnMap":{"0":{"name":"(anonymous_5)","decl":{"start":{"line":8,"column":24},"end":{"line":8,"column":25}},"loc":{"start":{"line":8,"column":72},"end":{"line":26,"column":1}}},"1":{"name":"(anonymous_6)","decl":{"start":{"line":28,"column":21},"end":{"line":28,"column":null}},"loc":{"start":{"line":31,"column":5},"end":{"line":31,"column":57}}}},"branchMap":{},"s":{"0":8,"1":8,"2":8,"3":8,"4":8,"5":8,"6":47,"7":47,"8":8,"9":47,"10":8,"11":8},"f":{"0":47,"1":47},"b":{}}
,"/workspace/project/dr-dash-hub/src/components/Navbar.tsx": {"path":"/workspace/project/dr-dash-hub/src/components/Navbar.tsx","statementMap":{"0":{"start":{"line":1,"column":0},"end":{"line":1,"column":48}},"1":{"start":{"line":2,"column":0},"end":{"line":2,"column":54}},"2":{"start":{"line":3,"column":0},"end":{"line":3,"column":33}},"3":{"start":{"line":14,"column":22},"end":{"line":88,"column":1}},"4":{"start":{"line":22,"column":42},"end":{"line":22,"column":57}},"5":{"start":{"line":24,"column":2},"end":{"line":87,"column":4}},"6":{"start":{"line":40,"column":31},"end":{"line":40,"column":61}},"7":{"start":{"line":52,"column":24},"end":{"line":52,"column":39}},"8":{"start":{"line":53,"column":24},"end":{"line":53,"column":47}},"9":{"start":{"line":62,"column":24},"end":{"line":62,"column":37}},"10":{"start":{"line":63,"column":24},"end":{"line":63,"column":47}},"11":{"start":{"line":14,"column":13},"end":{"line":14,"column":22}}},"fnMap":{"0":{"name":"(anonymous_0)","decl":{"start":{"line":14,"column":22},"end":{"line":14,"column":23}},"loc":{"start":{"line":21,"column":18},"end":{"line":88,"column":1}}},"1":{"name":"(anonymous_1)","decl":{"start":{"line":40,"column":25},"end":{"line":40,"column":28}},"loc":{"start":{"line":40,"column":31},"end":{"line":40,"column":61}}},"2":{"name":"(anonymous_2)","decl":{"start":{"line":51,"column":31},"end":{"line":51,"column":34}},"loc":{"start":{"line":51,"column":36},"end":{"line":54,"column":23}}},"3":{"name":"(anonymous_3)","decl":{"start":{"line":61,"column":31},"end":{"line":61,"column":34}},"loc":{"start":{"line":61,"column":36},"end":{"line":64,"column":23}}}},"branchMap":{"0":{"loc":{"start":{"line":15,"column":2},"end":{"line":15,"column":20}},"type":"default-arg","locations":[{"start":{"line":15,"column":15},"end":{"line":15,"column":20}}]},"1":{"loc":{"start":{"line":35,"column":11},"end":{"line":82,"column":null}},"type":"cond-expr","locations":[{"start":{"line":36,"column":12},"end":{"line":72,"column":null}},{"start":{"line":75,"column":12},"end":{"line":81,"column":null}}]},"2":{"loc":{"start":{"line":47,"column":15},"end":{"line":71,"column":null}},"type":"binary-expr","locations":[{"start":{"line":47,"column":15},"end":{"line":47,"column":27}},{"start":{"line":48,"column":16},"end":{"line":70,"column":null}}]}},"s":{"0":1,"1":1,"2":1,"3":1,"4":7,"5":7,"6":2,"7":1,"8":1,"9":1,"10":1,"11":1},"f":{"0":7,"1":2,"2":1,"3":1},"b":{"0":[1],"1":[6,1],"2":[6,2]}}
,"/workspace/project/dr-dash-hub/src/components/TLDRCard.tsx": {"path":"/workspace/project/dr-dash-hub/src/components/TLDRCard.tsx","statementMap":{"0":{"start":{"line":1,"column":0},"end":{"line":1,"column":48}},"1":{"start":{"line":2,"column":0},"end":{"line":2,"column":69}},"2":{"start":{"line":3,"column":0},"end":{"line":3,"column":68}},"3":{"start":{"line":4,"column":0},"end":{"line":4,"column":33}},"4":{"start":{"line":18,"column":24},"end":{"line":89,"column":1}},"5":{"start":{"line":19,"column":40},"end":{"line":19,"column":55}},"6":{"start":{"line":21,"column":21},"end":{"line":29,"column":3}},"7":{"start":{"line":22,"column":17},"end":{"line":22,"column":37}},"8":{"start":{"line":23,"column":4},"end":{"line":28,"column":7}},"9":{"start":{"line":31,"column":2},"end":{"line":88,"column":4}},"10":{"start":{"line":57,"column":29},"end":{"line":57,"column":57}},"11":{"start":{"line":71,"column":18},"end":{"line":72,"column":null}},"12":{"start":{"line":18,"column":13},"end":{"line":18,"column":24}}},"fnMap":{"0":{"name":"(anonymous_0)","decl":{"start":{"line":18,"column":24},"end":{"line":18,"column":25}},"loc":{"start":{"line":18,"column":52},"end":{"line":89,"column":1}}},"1":{"name":"(anonymous_1)","decl":{"start":{"line":21,"column":21},"end":{"line":21,"column":22}},"loc":{"start":{"line":21,"column":44},"end":{"line":29,"column":3}}},"2":{"name":"(anonymous_2)","decl":{"start":{"line":57,"column":23},"end":{"line":57,"column":26}},"loc":{"start":{"line":57,"column":29},"end":{"line":57,"column":57}}},"3":{"name":"(anonymous_3)","decl":{"start":{"line":70,"column":34},"end":{"line":70,"column":35}},"loc":{"start":{"line":71,"column":18},"end":{"line":72,"column":null}}}},"branchMap":{"0":{"loc":{"start":{"line":52,"column":9},"end":{"line":84,"column":null}},"type":"binary-expr","locations":[{"start":{"line":52,"column":9},"end":{"line":52,"column":21}},{"start":{"line":52,"column":25},"end":{"line":52,"column":48}},{"start":{"line":53,"column":10},"end":{"line":83,"column":null}}]},"1":{"loc":{"start":{"line":61,"column":15},"end":{"line":64,"column":null}},"type":"cond-expr","locations":[{"start":{"line":62,"column":16},"end":{"line":62,"column":49}},{"start":{"line":64,"column":16},"end":{"line":64,"column":51}}]},"2":{"loc":{"start":{"line":68,"column":13},"end":{"line":82,"column":null}},"type":"binary-expr","locations":[{"start":{"line":68,"column":13},"end":{"line":68,"column":24}},{"start":{"line":69,"column":14},"end":{"line":81,"column":null}}]}},"s":{"0":1,"1":1,"2":1,"3":1,"4":1,"5":8,"6":8,"7":8,"8":8,"9":8,"10":3,"11":4,"12":1},"f":{"0":8,"1":8,"2":3,"3":4},"b":{"0":[8,7,6],"1":[2,4],"2":[6,2]}}
,"/workspace/project/dr-dash-hub/src/components/ui/button.tsx": {"path":"/workspace/project/dr-dash-hub/src/components/ui/button.tsx","statementMap":{"0":{"start":{"line":1,"column":0},"end":{"line":1,"column":30}},"1":{"start":{"line":2,"column":0},"end":{"line":2,"column":43}},"2":{"start":{"line":3,"column":0},"end":{"line":3,"column":65}},"3":{"start":{"line":5,"column":0},"end":{"line":5,"column":32}},"4":{"start":{"line":7,"column":23},"end":{"line":36,"column":null}},"5":{"start":{"line":59,"column":17},"end":{"line":59,"column":31}},"6":{"start":{"line":45,"column":15},"end":{"line":55,"column":null}},"7":{"start":{"line":47,"column":17},"end":{"line":47,"column":42}},"8":{"start":{"line":48,"column":4},"end":{"line":54,"column":null}},"9":{"start":{"line":59,"column":9},"end":{"line":59,"column":15}},"10":{"start":{"line":57,"column":0},"end":{"line":57,"column":null}}},"fnMap":{"0":{"name":"(anonymous_9)","decl":{"start":{"line":46,"column":2},"end":{"line":46,"column":3}},"loc":{"start":{"line":46,"column":67},"end":{"line":55,"column":3}}}},"branchMap":{"0":{"loc":{"start":{"line":46,"column":31},"end":{"line":46,"column":46}},"type":"default-arg","locations":[{"start":{"line":46,"column":41},"end":{"line":46,"column":46}}]},"1":{"loc":{"start":{"line":47,"column":17},"end":{"line":47,"column":42}},"type":"cond-expr","locations":[{"start":{"line":47,"column":27},"end":{"line":47,"column":31}},{"start":{"line":47,"column":34},"end":{"line":47,"column":42}}]}},"s":{"0":5,"1":5,"2":5,"3":5,"4":5,"5":5,"6":5,"7":103,"8":103,"9":5,"10":5},"f":{"0":103},"b":{"0":[102],"1":[1,102]}}
,"/workspace/project/dr-dash-hub/src/components/ui/card.tsx": {"path":"/workspace/project/dr-dash-hub/src/components/ui/card.tsx","statementMap":{"0":{"start":{"line":1,"column":0},"end":{"line":1,"column":30}},"1":{"start":{"line":3,"column":0},"end":{"line":3,"column":32}},"2":{"start":{"line":5,"column":13},"end":{"line":17,"column":2}},"3":{"start":{"line":9,"column":2},"end":{"line":15,"column":null}},"4":{"start":{"line":79,"column":9},"end":{"line":79,"column":13}},"5":{"start":{"line":18,"column":0},"end":{"line":18,"column":null}},"6":{"start":{"line":20,"column":19},"end":{"line":29,"column":2}},"7":{"start":{"line":24,"column":2},"end":{"line":27,"column":null}},"8":{"start":{"line":79,"column":15},"end":{"line":79,"column":25}},"9":{"start":{"line":30,"column":0},"end":{"line":30,"column":null}},"10":{"start":{"line":32,"column":18},"end":{"line":44,"column":2}},"11":{"start":{"line":36,"column":2},"end":{"line":42,"column":null}},"12":{"start":{"line":79,"column":39},"end":{"line":79,"column":48}},"13":{"start":{"line":45,"column":0},"end":{"line":45,"column":null}},"14":{"start":{"line":47,"column":24},"end":{"line":56,"column":2}},"15":{"start":{"line":51,"column":2},"end":{"line":54,"column":null}},"16":{"start":{"line":79,"column":50},"end":{"line":79,"column":65}},"17":{"start":{"line":57,"column":0},"end":{"line":57,"column":null}},"18":{"start":{"line":59,"column":20},"end":{"line":64,"column":2}},"19":{"start":{"line":63,"column":2},"end":{"line":63,"column":68}},"20":{"start":{"line":79,"column":67},"end":{"line":79,"column":78}},"21":{"start":{"line":65,"column":0},"end":{"line":65,"column":null}},"22":{"start":{"line":67,"column":19},"end":{"line":76,"column":2}},"23":{"start":{"line":71,"column":2},"end":{"line":74,"column":null}},"24":{"start":{"line":79,"column":27},"end":{"line":79,"column":37}},"25":{"start":{"line":77,"column":0},"end":{"line":77,"column":null}}},"fnMap":{"0":{"name":"(anonymous_9)","decl":{"start":{"line":8,"column":2},"end":{"line":8,"column":3}},"loc":{"start":{"line":9,"column":2},"end":{"line":15,"column":null}}},"1":{"name":"(anonymous_10)","decl":{"start":{"line":23,"column":2},"end":{"line":23,"column":3}},"loc":{"start":{"line":24,"column":2},"end":{"line":27,"column":null}}},"2":{"name":"(anonymous_11)","decl":{"start":{"line":35,"column":2},"end":{"line":35,"column":3}},"loc":{"start":{"line":36,"column":2},"end":{"line":42,"column":null}}},"3":{"name":"(anonymous_12)","decl":{"start":{"line":50,"column":2},"end":{"line":50,"column":3}},"loc":{"start":{"line":51,"column":2},"end":{"line":54,"column":null}}},"4":{"name":"(anonymous_13)","decl":{"start":{"line":62,"column":2},"end":{"line":62,"column":3}},"loc":{"start":{"line":63,"column":2},"end":{"line":63,"column":68}}},"5":{"name":"(anonymous_14)","decl":{"start":{"line":70,"column":2},"end":{"line":70,"column":3}},"loc":{"start":{"line":71,"column":2},"end":{"line":74,"column":null}}}},"branchMap":{},"s":{"0":3,"1":3,"2":3,"3":34,"4":3,"5":3,"6":3,"7":30,"8":3,"9":3,"10":3,"11":20,"12":3,"13":3,"14":3,"15":20,"16":3,"17":3,"18":3,"19":28,"20":3,"21":3,"22":3,"23":2,"24":3,"25":3},"f":{"0":34,"1":30,"2":20,"3":20,"4":28,"5":2},"b":{}}
,"/workspace/project/dr-dash-hub/src/components/ui/input.tsx": {"path":"/workspace/project/dr-dash-hub/src/components/ui/input.tsx","statementMap":{"0":{"start":{"line":1,"column":0},"end":{"line":1,"column":30}},"1":{"start":{"line":3,"column":0},"end":{"line":3,"column":32}},"2":{"start":{"line":5,"column":14},"end":{"line":18,"column":null}},"3":{"start":{"line":7,"column":4},"end":{"line":17,"column":null}},"4":{"start":{"line":22,"column":9},"end":{"line":22,"column":14}},"5":{"start":{"line":20,"column":0},"end":{"line":20,"column":null}}},"fnMap":{"0":{"name":"(anonymous_9)","decl":{"start":{"line":6,"column":2},"end":{"line":6,"column":3}},"loc":{"start":{"line":6,"column":41},"end":{"line":18,"column":3}}}},"branchMap":{},"s":{"0":1,"1":1,"2":1,"3":36,"4":1,"5":1},"f":{"0":36},"b":{}}
,"/workspace/project/dr-dash-hub/src/components/ui/label.tsx": {"path":"/workspace/project/dr-dash-hub/src/components/ui/label.tsx","statementMap":{"0":{"start":{"line":1,"column":0},"end":{"line":1,"column":30}},"1":{"start":{"line":2,"column":0},"end":{"line":2,"column":55}},"2":{"start":{"line":3,"column":0},"end":{"line":3,"column":65}},"3":{"start":{"line":5,"column":0},"end":{"line":5,"column":32}},"4":{"start":{"line":7,"column":22},"end":{"line":8,"column":null}},"5":{"start":{"line":11,"column":14},"end":{"line":21,"column":2}},"6":{"start":{"line":16,"column":2},"end":{"line":19,"column":null}},"7":{"start":{"line":24,"column":9},"end":{"line":24,"column":14}},"8":{"start":{"line":22,"column":0},"end":{"line":22,"column":null}}},"fnMap":{"0":{"name":"(anonymous_9)","decl":{"start":{"line":15,"column":2},"end":{"line":15,"column":3}},"loc":{"start":{"line":16,"column":2},"end":{"line":19,"column":null}}}},"branchMap":{},"s":{"0":1,"1":1,"2":1,"3":1,"4":1,"5":1,"6":36,"7":1,"8":1},"f":{"0":36},"b":{}}
,"/workspace/project/dr-dash-hub/src/components/ui/sonner.tsx": {"path":"/workspace/project/dr-dash-hub/src/components/ui/sonner.tsx","statementMap":{"0":{"start":{"line":1,"column":0},"end":{"line":1,"column":38}},"1":{"start":{"line":2,"column":0},"end":{"line":2,"column":28}},"2":{"start":{"line":29,"column":18},"end":{"line":2,"column":49}},"3":{"start":{"line":6,"column":16},"end":{"line":27,"column":1}},"4":{"start":{"line":7,"column":31},"end":{"line":7,"column":41}},"5":{"start":{"line":9,"column":2},"end":{"line":26,"column":null}},"6":{"start":{"line":29,"column":9},"end":{"line":29,"column":16}}},"fnMap":{"0":{"name":"(anonymous_0)","decl":{"start":{"line":29,"column":18},"end":{"line":29,"column":23}},"loc":{"start":{"line":29,"column":18},"end":{"line":2,"column":49}}},"1":{"name":"(anonymous_1)","decl":{"start":{"line":6,"column":16},"end":{"line":6,"column":17}},"loc":{"start":{"line":6,"column":47},"end":{"line":27,"column":1}}}},"branchMap":{"0":{"loc":{"start":{"line":7,"column":10},"end":{"line":7,"column":26}},"type":"default-arg","locations":[{"start":{"line":7,"column":18},"end":{"line":7,"column":26}}]}},"s":{"0":1,"1":1,"2":1,"3":1,"4":50,"5":50,"6":1},"f":{"0":0,"1":50},"b":{"0":[50]}}
,"/workspace/project/dr-dash-hub/src/components/ui/toast.tsx": {"path":"/workspace/project/dr-dash-hub/src/components/ui/toast.tsx","statementMap":{"0":{"start":{"line":1,"column":0},"end":{"line":1,"column":30}},"1":{"start":{"line":2,"column":0},"end":{"line":2,"column":56}},"2":{"start":{"line":3,"column":0},"end":{"line":3,"column":65}},"3":{"start":{"line":4,"column":0},"end":{"line":4,"column":32}},"4":{"start":{"line":6,"column":0},"end":{"line":6,"column":32}},"5":{"start":{"line":8,"column":22},"end":{"line":8,"column":46}},"6":{"start":{"line":120,"column":2},"end":{"line":120,"column":15}},"7":{"start":{"line":10,"column":22},"end":{"line":22,"column":2}},"8":{"start":{"line":14,"column":2},"end":{"line":20,"column":null}},"9":{"start":{"line":121,"column":2},"end":{"line":121,"column":15}},"10":{"start":{"line":23,"column":0},"end":{"line":23,"column":null}},"11":{"start":{"line":25,"column":22},"end":{"line":38,"column":null}},"12":{"start":{"line":41,"column":14},"end":{"line":53,"column":2}},"13":{"start":{"line":46,"column":2},"end":{"line":52,"column":null}},"14":{"start":{"line":122,"column":2},"end":{"line":122,"column":7}},"15":{"start":{"line":54,"column":0},"end":{"line":54,"column":null}},"16":{"start":{"line":56,"column":20},"end":{"line":68,"column":2}},"17":{"start":{"line":60,"column":2},"end":{"line":66,"column":null}},"18":{"start":{"line":126,"column":2},"end":{"line":126,"column":13}},"19":{"start":{"line":69,"column":0},"end":{"line":69,"column":null}},"20":{"start":{"line":71,"column":19},"end":{"line":86,"column":2}},"21":{"start":{"line":75,"column":2},"end":{"line":84,"column":null}},"22":{"start":{"line":125,"column":2},"end":{"line":125,"column":12}},"23":{"start":{"line":87,"column":0},"end":{"line":87,"column":null}},"24":{"start":{"line":89,"column":19},"end":{"line":98,"column":2}},"25":{"start":{"line":93,"column":2},"end":{"line":96,"column":null}},"26":{"start":{"line":123,"column":2},"end":{"line":123,"column":12}},"27":{"start":{"line":99,"column":0},"end":{"line":99,"column":null}},"28":{"start":{"line":101,"column":25},"end":{"line":110,"column":2}},"29":{"start":{"line":105,"column":2},"end":{"line":108,"column":null}},"30":{"start":{"line":124,"column":2},"end":{"line":124,"column":18}},"31":{"start":{"line":111,"column":0},"end":{"line":111,"column":null}}},"fnMap":{"0":{"name":"(anonymous_9)","decl":{"start":{"line":13,"column":2},"end":{"line":13,"column":3}},"loc":{"start":{"line":14,"column":2},"end":{"line":20,"column":null}}},"1":{"name":"(anonymous_10)","decl":{"start":{"line":45,"column":2},"end":{"line":45,"column":3}},"loc":{"start":{"line":45,"column":44},"end":{"line":53,"column":1}}},"2":{"name":"(anonymous_11)","decl":{"start":{"line":59,"column":2},"end":{"line":59,"column":3}},"loc":{"start":{"line":60,"column":2},"end":{"line":66,"column":null}}},"3":{"name":"(anonymous_12)","decl":{"start":{"line":74,"column":2},"end":{"line":74,"column":3}},"loc":{"start":{"line":75,"column":2},"end":{"line":84,"column":null}}},"4":{"name":"(anonymous_13)","decl":{"start":{"line":92,"column":2},"end":{"line":92,"column":3}},"loc":{"start":{"line":93,"column":2},"end":{"line":96,"column":null}}},"5":{"name":"(anonymous_14)","decl":{"start":{"line":104,"column":2},"end":{"line":104,"column":3}},"loc":{"start":{"line":105,"column":2},"end":{"line":108,"column":null}}}},"branchMap":{},"s":{"0":3,"1":3,"2":3,"3":3,"4":3,"5":3,"6":3,"7":3,"8":56,"9":3,"10":3,"11":3,"12":3,"13":4,"14":3,"15":3,"16":3,"17":1,"18":3,"19":3,"20":3,"21":0,"22":3,"23":3,"24":3,"25":0,"26":3,"27":3,"28":3,"29":0,"30":3,"31":3},"f":{"0":56,"1":4,"2":1,"3":0,"4":0,"5":0},"b":{}}
,"/workspace/project/dr-dash-hub/src/components/ui/toaster.tsx": {"path":"/workspace/project/dr-dash-hub/src/components/ui/toaster.tsx","statementMap":{"0":{"start":{"line":11,"column":0},"end":{"line":11,"column":16}},"1":{"start":{"line":1,"column":0},"end":{"line":1,"column":44}},"2":{"start":{"line":2,"column":0},"end":{"line":2,"column":null}},"3":{"start":{"line":12,"column":21},"end":{"line":12,"column":31}},"4":{"start":{"line":14,"column":2},"end":{"line":32,"column":null}},"5":{"start":{"line":17,"column":8},"end":{"line":28,"column":null}}},"fnMap":{"0":{"name":"Toaster","decl":{"start":{"line":11,"column":16},"end":{"line":11,"column":23}},"loc":{"start":{"line":11,"column":23},"end":{"line":33,"column":1}}},"1":{"name":"(anonymous_1)","decl":{"start":{"line":16,"column":18},"end":{"line":16,"column":28}},"loc":{"start":{"line":16,"column":72},"end":{"line":29,"column":7}}}},"branchMap":{"0":{"loc":{"start":{"line":20,"column":15},"end":{"line":20,"column":56}},"type":"binary-expr","locations":[{"start":{"line":20,"column":15},"end":{"line":20,"column":20}},{"start":{"line":20,"column":24},"end":{"line":20,"column":56}}]},"1":{"loc":{"start":{"line":21,"column":15},"end":{"line":22,"column":null}},"type":"binary-expr","locations":[{"start":{"line":21,"column":15},"end":{"line":21,"column":26}},{"start":{"line":22,"column":16},"end":{"line":22,"column":66}}]}},"s":{"0":2,"1":2,"2":2,"3":53,"4":52,"5":0},"f":{"0":53,"1":0},"b":{"0":[0,0],"1":[0,0]}}
,"/workspace/project/dr-dash-hub/src/components/ui/tooltip.tsx": {"path":"/workspace/project/dr-dash-hub/src/components/ui/tooltip.tsx","statementMap":{"0":{"start":{"line":1,"column":0},"end":{"line":1,"column":30}},"1":{"start":{"line":2,"column":0},"end":{"line":2,"column":59}},"2":{"start":{"line":4,"column":0},"end":{"line":4,"column":32}},"3":{"start":{"line":6,"column":24},"end":{"line":6,"column":49}},"4":{"start":{"line":28,"column":50},"end":{"line":28,"column":65}},"5":{"start":{"line":8,"column":16},"end":{"line":8,"column":37}},"6":{"start":{"line":28,"column":9},"end":{"line":28,"column":16}},"7":{"start":{"line":10,"column":23},"end":{"line":10,"column":47}},"8":{"start":{"line":28,"column":18},"end":{"line":28,"column":32}},"9":{"start":{"line":12,"column":23},"end":{"line":25,"column":2}},"10":{"start":{"line":16,"column":2},"end":{"line":23,"column":null}},"11":{"start":{"line":28,"column":34},"end":{"line":28,"column":48}},"12":{"start":{"line":26,"column":0},"end":{"line":26,"column":null}}},"fnMap":{"0":{"name":"(anonymous_9)","decl":{"start":{"line":15,"column":2},"end":{"line":15,"column":3}},"loc":{"start":{"line":16,"column":2},"end":{"line":23,"column":null}}}},"branchMap":{"0":{"loc":{"start":{"line":15,"column":16},"end":{"line":15,"column":30}},"type":"default-arg","locations":[{"start":{"line":15,"column":29},"end":{"line":15,"column":30}}]}},"s":{"0":9,"1":9,"2":9,"3":9,"4":9,"5":9,"6":9,"7":9,"8":9,"9":9,"10":0,"11":9,"12":9},"f":{"0":0},"b":{"0":[0]}}
,"/workspace/project/dr-dash-hub/src/hooks/use-mobile.tsx": {"path":"/workspace/project/dr-dash-hub/src/hooks/use-mobile.tsx","statementMap":{"0":{"start":{"line":5,"column":0},"end":{"line":5,"column":16}},"1":{"start":{"line":1,"column":0},"end":{"line":1,"column":30}},"2":{"start":{"line":3,"column":26},"end":{"line":3,"column":29}},"3":{"start":{"line":6,"column":34},"end":{"line":6,"column":80}},"4":{"start":{"line":8,"column":2},"end":{"line":16,"column":null}},"5":{"start":{"line":9,"column":16},"end":{"line":9,"column":76}},"6":{"start":{"line":10,"column":21},"end":{"line":12,"column":5}},"7":{"start":{"line":11,"column":6},"end":{"line":11,"column":null}},"8":{"start":{"line":13,"column":4},"end":{"line":13,"column":null}},"9":{"start":{"line":14,"column":4},"end":{"line":14,"column":null}},"10":{"start":{"line":15,"column":4},"end":{"line":15,"column":null}},"11":{"start":{"line":15,"column":17},"end":{"line":15,"column":60}},"12":{"start":{"line":18,"column":2},"end":{"line":18,"column":null}}},"fnMap":{"0":{"name":"useIsMobile","decl":{"start":{"line":5,"column":16},"end":{"line":5,"column":27}},"loc":{"start":{"line":5,"column":27},"end":{"line":19,"column":1}}},"1":{"name":"(anonymous_10)","decl":{"start":{"line":8,"column":18},"end":{"line":8,"column":21}},"loc":{"start":{"line":8,"column":23},"end":{"line":16,"column":3}}},"2":{"name":"(anonymous_11)","decl":{"start":{"line":10,"column":21},"end":{"line":10,"column":24}},"loc":{"start":{"line":10,"column":26},"end":{"line":12,"column":5}}},"3":{"name":"(anonymous_12)","decl":{"start":{"line":15,"column":11},"end":{"line":15,"column":14}},"loc":{"start":{"line":15,"column":17},"end":{"line":15,"column":60}}}},"branchMap":{},"s":{"0":1,"1":1,"2":1,"3":8,"4":8,"5":4,"6":4,"7":0,"8":4,"9":4,"10":4,"11":4,"12":8},"f":{"0":8,"1":4,"2":0,"3":4},"b":{}}
,"/workspace/project/dr-dash-hub/src/hooks/use-toast.ts": {"path":"/workspace/project/dr-dash-hub/src/hooks/use-toast.ts","statementMap":{"0":{"start":{"line":191,"column":9},"end":{"line":191,"column":17}},"1":{"start":{"line":191,"column":19},"end":{"line":191,"column":24}},"2":{"start":{"line":1,"column":0},"end":{"line":1,"column":30}},"3":{"start":{"line":8,"column":20},"end":{"line":8,"column":21}},"4":{"start":{"line":9,"column":27},"end":{"line":9,"column":34}},"5":{"start":{"line":18,"column":20},"end":{"line":23,"column":null}},"6":{"start":{"line":25,"column":12},"end":{"line":25,"column":13}},"7":{"start":{"line":28,"column":2},"end":{"line":28,"column":null}},"8":{"start":{"line":29,"column":2},"end":{"line":29,"column":null}},"9":{"start":{"line":56,"column":22},"end":{"line":56,"column":70}},"10":{"start":{"line":58,"column":25},"end":{"line":72,"column":1}},"11":{"start":{"line":59,"column":2},"end":{"line":61,"column":3}},"12":{"start":{"line":60,"column":4},"end":{"line":60,"column":10}},"13":{"start":{"line":63,"column":18},"end":{"line":69,"column":24}},"14":{"start":{"line":64,"column":4},"end":{"line":64,"column":null}},"15":{"start":{"line":65,"column":4},"end":{"line":68,"column":null}},"16":{"start":{"line":71,"column":2},"end":{"line":71,"column":null}},"17":{"start":{"line":74,"column":23},"end":{"line":127,"column":1}},"18":{"start":{"line":75,"column":2},"end":{"line":126,"column":3}},"19":{"start":{"line":77,"column":6},"end":{"line":80,"column":null}},"20":{"start":{"line":83,"column":6},"end":{"line":88,"column":null}},"21":{"start":{"line":86,"column":10},"end":{"line":86,"column":66}},"22":{"start":{"line":91,"column":26},"end":{"line":91,"column":32}},"23":{"start":{"line":95,"column":6},"end":{"line":101,"column":7}},"24":{"start":{"line":96,"column":8},"end":{"line":96,"column":null}},"25":{"start":{"line":98,"column":8},"end":{"line":100,"column":null}},"26":{"start":{"line":99,"column":10},"end":{"line":99,"column":null}},"27":{"start":{"line":103,"column":6},"end":{"line":113,"column":null}},"28":{"start":{"line":106,"column":10},"end":{"line":111,"column":15}},"29":{"start":{"line":116,"column":6},"end":{"line":121,"column":7}},"30":{"start":{"line":117,"column":8},"end":{"line":120,"column":null}},"31":{"start":{"line":122,"column":6},"end":{"line":125,"column":null}},"32":{"start":{"line":124,"column":43},"end":{"line":124,"column":66}},"33":{"start":{"line":74,"column":13},"end":{"line":74,"column":23}},"34":{"start":{"line":129,"column":49},"end":{"line":129,"column":51}},"35":{"start":{"line":131,"column":25},"end":{"line":131,"column":39}},"36":{"start":{"line":134,"column":2},"end":{"line":134,"column":null}},"37":{"start":{"line":135,"column":2},"end":{"line":137,"column":null}},"38":{"start":{"line":136,"column":4},"end":{"line":136,"column":null}},"39":{"start":{"line":143,"column":13},"end":{"line":143,"column":20}},"40":{"start":{"line":145,"column":17},"end":{"line":149,"column":6}},"41":{"start":{"line":146,"column":4},"end":{"line":149,"column":6}},"42":{"start":{"line":150,"column":18},"end":{"line":150,"column":72}},"43":{"start":{"line":150,"column":24},"end":{"line":150,"column":72}},"44":{"start":{"line":152,"column":2},"end":{"line":162,"column":null}},"45":{"start":{"line":159,"column":8},"end":{"line":159,"column":null}},"46":{"start":{"line":159,"column":19},"end":{"line":159,"column":null}},"47":{"start":{"line":164,"column":2},"end":{"line":168,"column":null}},"48":{"start":{"line":172,"column":28},"end":{"line":172,"column":62}},"49":{"start":{"line":174,"column":2},"end":{"line":182,"column":null}},"50":{"start":{"line":175,"column":4},"end":{"line":175,"column":null}},"51":{"start":{"line":176,"column":4},"end":{"line":181,"column":null}},"52":{"start":{"line":177,"column":20},"end":{"line":177,"column":47}},"53":{"start":{"line":178,"column":6},"end":{"line":180,"column":7}},"54":{"start":{"line":179,"column":8},"end":{"line":179,"column":null}},"55":{"start":{"line":184,"column":2},"end":{"line":188,"column":null}},"56":{"start":{"line":187,"column":35},"end":{"line":187,"column":79}}},"fnMap":{"0":{"name":"genId","decl":{"start":{"line":27,"column":9},"end":{"line":27,"column":14}},"loc":{"start":{"line":27,"column":14},"end":{"line":30,"column":1}}},"1":{"name":"(anonymous_10)","decl":{"start":{"line":58,"column":25},"end":{"line":58,"column":26}},"loc":{"start":{"line":58,"column":45},"end":{"line":72,"column":1}}},"2":{"name":"(anonymous_11)","decl":{"start":{"line":63,"column":29},"end":{"line":63,"column":32}},"loc":{"start":{"line":63,"column":34},"end":{"line":69,"column":3}}},"3":{"name":"(anonymous_12)","decl":{"start":{"line":74,"column":23},"end":{"line":74,"column":24}},"loc":{"start":{"line":74,"column":63},"end":{"line":127,"column":1}}},"4":{"name":"(anonymous_13)","decl":{"start":{"line":85,"column":33},"end":{"line":85,"column":34}},"loc":{"start":{"line":86,"column":10},"end":{"line":86,"column":66}}},"5":{"name":"(anonymous_14)","decl":{"start":{"line":98,"column":29},"end":{"line":98,"column":30}},"loc":{"start":{"line":98,"column":39},"end":{"line":100,"column":9}}},"6":{"name":"(anonymous_15)","decl":{"start":{"line":105,"column":33},"end":{"line":105,"column":34}},"loc":{"start":{"line":106,"column":10},"end":{"line":111,"column":15}}},"7":{"name":"(anonymous_16)","decl":{"start":{"line":124,"column":36},"end":{"line":124,"column":37}},"loc":{"start":{"line":124,"column":43},"end":{"line":124,"column":66}}},"8":{"name":"dispatch","decl":{"start":{"line":133,"column":9},"end":{"line":133,"column":17}},"loc":{"start":{"line":133,"column":32},"end":{"line":138,"column":1}}},"9":{"name":"(anonymous_18)","decl":{"start":{"line":135,"column":20},"end":{"line":135,"column":21}},"loc":{"start":{"line":135,"column":33},"end":{"line":137,"column":3}}},"10":{"name":"toast","decl":{"start":{"line":142,"column":9},"end":{"line":142,"column":14}},"loc":{"start":{"line":142,"column":34},"end":{"line":169,"column":1}}},"11":{"name":"(anonymous_20)","decl":{"start":{"line":145,"column":17},"end":{"line":145,"column":18}},"loc":{"start":{"line":146,"column":4},"end":{"line":149,"column":6}}},"12":{"name":"(anonymous_21)","decl":{"start":{"line":150,"column":18},"end":{"line":150,"column":21}},"loc":{"start":{"line":150,"column":24},"end":{"line":150,"column":72}}},"13":{"name":"(anonymous_22)","decl":{"start":{"line":158,"column":20},"end":{"line":158,"column":21}},"loc":{"start":{"line":158,"column":29},"end":{"line":160,"column":7}}},"14":{"name":"useToast","decl":{"start":{"line":171,"column":9},"end":{"line":171,"column":17}},"loc":{"start":{"line":171,"column":17},"end":{"line":189,"column":1}}},"15":{"name":"(anonymous_24)","decl":{"start":{"line":174,"column":18},"end":{"line":174,"column":21}},"loc":{"start":{"line":174,"column":23},"end":{"line":182,"column":3}}},"16":{"name":"(anonymous_25)","decl":{"start":{"line":176,"column":11},"end":{"line":176,"column":14}},"loc":{"start":{"line":176,"column":16},"end":{"line":181,"column":5}}},"17":{"name":"(anonymous_26)","decl":{"start":{"line":187,"column":13},"end":{"line":187,"column":14}},"loc":{"start":{"line":187,"column":35},"end":{"line":187,"column":79}}}},"branchMap":{"0":{"loc":{"start":{"line":59,"column":2},"end":{"line":61,"column":3}},"type":"if","locations":[{"start":{"line":59,"column":2},"end":{"line":61,"column":3}},{"start":{},"end":{}}]},"1":{"loc":{"start":{"line":75,"column":2},"end":{"line":126,"column":3}},"type":"switch","locations":[{"start":{"line":76,"column":4},"end":{"line":80,"column":null}},{"start":{"line":82,"column":4},"end":{"line":88,"column":null}},{"start":{"line":90,"column":4},"end":{"line":114,"column":5}},{"start":{"line":115,"column":4},"end":{"line":125,"column":null}}]},"2":{"loc":{"start":{"line":86,"column":10},"end":{"line":86,"column":66}},"type":"cond-expr","locations":[{"start":{"line":86,"column":37},"end":{"line":86,"column":62}},{"start":{"line":86,"column":65},"end":{"line":86,"column":66}}]},"3":{"loc":{"start":{"line":95,"column":6},"end":{"line":101,"column":7}},"type":"if","locations":[{"start":{"line":95,"column":6},"end":{"line":101,"column":7}},{"start":{"line":97,"column":13},"end":{"line":101,"column":7}}]},"4":{"loc":{"start":{"line":106,"column":10},"end":{"line":111,"column":15}},"type":"cond-expr","locations":[{"start":{"line":107,"column":14},"end":{"line":110,"column":null}},{"start":{"line":111,"column":14},"end":{"line":111,"column":15}}]},"5":{"loc":{"start":{"line":106,"column":10},"end":{"line":106,"column":51}},"type":"binary-expr","locations":[{"start":{"line":106,"column":10},"end":{"line":106,"column":26}},{"start":{"line":106,"column":30},"end":{"line":106,"column":51}}]},"6":{"loc":{"start":{"line":116,"column":6},"end":{"line":121,"column":7}},"type":"if","locations":[{"start":{"line":116,"column":6},"end":{"line":121,"column":7}},{"start":{},"end":{}}]},"7":{"loc":{"start":{"line":159,"column":8},"end":{"line":159,"column":null}},"type":"if","locations":[{"start":{"line":159,"column":8},"end":{"line":159,"column":null}},{"start":{},"end":{}}]},"8":{"loc":{"start":{"line":178,"column":6},"end":{"line":180,"column":7}},"type":"if","locations":[{"start":{"line":178,"column":6},"end":{"line":180,"column":7}},{"start":{},"end":{}}]}},"s":{"0":3,"1":3,"2":3,"3":3,"4":3,"5":3,"6":3,"7":6,"8":6,"9":3,"10":3,"11":1,"12":0,"13":1,"14":0,"15":0,"16":1,"17":3,"18":7,"19":6,"20":0,"21":0,"22":1,"23":1,"24":1,"25":0,"26":0,"27":1,"28":1,"29":0,"30":0,"31":0,"32":0,"33":3,"34":3,"35":3,"36":7,"37":7,"38":7,"39":6,"40":6,"41":0,"42":6,"43":0,"44":6,"45":0,"46":0,"47":6,"48":65,"49":64,"50":30,"51":30,"52":30,"53":30,"54":30,"55":64,"56":1},"f":{"0":6,"1":1,"2":0,"3":7,"4":0,"5":0,"6":1,"7":0,"8":7,"9":7,"10":6,"11":0,"12":0,"13":0,"14":65,"15":30,"16":30,"17":1},"b":{"0":[0,1],"1":[6,0,1,0],"2":[0,0],"3":[1,0],"4":[1,0],"5":[1,0],"6":[0,0],"7":[0,0],"8":[30,0]}}
,"/workspace/project/dr-dash-hub/src/lib/utils.ts": {"path":"/workspace/project/dr-dash-hub/src/lib/utils.ts","statementMap":{"0":{"start":{"line":4,"column":0},"end":{"line":4,"column":16}},"1":{"start":{"line":1,"column":0},"end":{"line":1,"column":44}},"2":{"start":{"line":2,"column":0},"end":{"line":2,"column":40}},"3":{"start":{"line":5,"column":2},"end":{"line":5,"column":null}}},"fnMap":{"0":{"name":"cn","decl":{"start":{"line":4,"column":16},"end":{"line":4,"column":18}},"loc":{"start":{"line":4,"column":42},"end":{"line":6,"column":1}}}},"branchMap":{},"s":{"0":9,"1":9,"2":9,"3":370},"f":{"0":370},"b":{}}
,"/workspace/project/dr-dash-hub/src/pages/Auth.tsx": {"path":"/workspace/project/dr-dash-hub/src/pages/Auth.tsx","statementMap":{"0":{"start":{"line":1,"column":0},"end":{"line":1,"column":48}},"1":{"start":{"line":2,"column":0},"end":{"line":2,"column":97}},"2":{"start":{"line":3,"column":0},"end":{"line":3,"column":46}},"3":{"start":{"line":4,"column":0},"end":{"line":4,"column":46}},"4":{"start":{"line":5,"column":0},"end":{"line":5,"column":45}},"5":{"start":{"line":6,"column":0},"end":{"line":6,"column":33}},"6":{"start":{"line":7,"column":0},"end":{"line":7,"column":41}},"7":{"start":{"line":16,"column":20},"end":{"line":127,"column":1}},"8":{"start":{"line":17,"column":28},"end":{"line":17,"column":40}},"9":{"start":{"line":18,"column":34},"end":{"line":18,"column":46}},"10":{"start":{"line":19,"column":36},"end":{"line":19,"column":51}},"11":{"start":{"line":20,"column":28},"end":{"line":20,"column":57}},"12":{"start":{"line":22,"column":23},"end":{"line":35,"column":3}},"13":{"start":{"line":23,"column":4},"end":{"line":23,"column":23}},"14":{"start":{"line":24,"column":4},"end":{"line":24,"column":23}},"15":{"start":{"line":25,"column":4},"end":{"line":25,"column":19}},"16":{"start":{"line":27,"column":4},"end":{"line":34,"column":5}},"17":{"start":{"line":28,"column":6},"end":{"line":28,"column":55}},"18":{"start":{"line":30,"column":6},"end":{"line":30,"column":42}},"19":{"start":{"line":31,"column":6},"end":{"line":31,"column":75}},"20":{"start":{"line":33,"column":6},"end":{"line":33,"column":26}},"21":{"start":{"line":37,"column":2},"end":{"line":126,"column":4}},"22":{"start":{"line":80,"column":37},"end":{"line":80,"column":61}},"23":{"start":{"line":93,"column":37},"end":{"line":93,"column":64}},"24":{"start":{"line":114,"column":35},"end":{"line":114,"column":86}},"25":{"start":{"line":16,"column":13},"end":{"line":16,"column":20}}},"fnMap":{"0":{"name":"(anonymous_0)","decl":{"start":{"line":16,"column":20},"end":{"line":16,"column":21}},"loc":{"start":{"line":16,"column":74},"end":{"line":127,"column":1}}},"1":{"name":"(anonymous_1)","decl":{"start":{"line":22,"column":23},"end":{"line":22,"column":28}},"loc":{"start":{"line":22,"column":52},"end":{"line":35,"column":3}}},"2":{"name":"(anonymous_2)","decl":{"start":{"line":80,"column":30},"end":{"line":80,"column":31}},"loc":{"start":{"line":80,"column":37},"end":{"line":80,"column":61}}},"3":{"name":"(anonymous_3)","decl":{"start":{"line":93,"column":30},"end":{"line":93,"column":31}},"loc":{"start":{"line":93,"column":37},"end":{"line":93,"column":64}}},"4":{"name":"(anonymous_4)","decl":{"start":{"line":114,"column":29},"end":{"line":114,"column":32}},"loc":{"start":{"line":114,"column":35},"end":{"line":114,"column":86}}}},"branchMap":{"0":{"loc":{"start":{"line":31,"column":15},"end":{"line":31,"column":73}},"type":"binary-expr","locations":[{"start":{"line":31,"column":15},"end":{"line":31,"column":28}},{"start":{"line":31,"column":32},"end":{"line":31,"column":73}}]},"1":{"loc":{"start":{"line":55,"column":17},"end":{"line":55,"column":74}},"type":"cond-expr","locations":[{"start":{"line":55,"column":36},"end":{"line":55,"column":50}},{"start":{"line":55,"column":53},"end":{"line":55,"column":74}}]},"2":{"loc":{"start":{"line":58,"column":17},"end":{"line":60,"column":64}},"type":"cond-expr","locations":[{"start":{"line":59,"column":20},"end":{"line":59,"column":69}},{"start":{"line":60,"column":20},"end":{"line":60,"column":64}}]},"3":{"loc":{"start":{"line":67,"column":17},"end":{"line":70,"column":null}},"type":"binary-expr","locations":[{"start":{"line":67,"column":17},"end":{"line":67,"column":22}},{"start":{"line":68,"column":18},"end":{"line":69,"column":null}}]},"4":{"loc":{"start":{"line":105,"column":19},"end":{"line":105,"column":99}},"type":"cond-expr","locations":[{"start":{"line":105,"column":31},"end":{"line":105,"column":47}},{"start":{"line":105,"column":51},"end":{"line":105,"column":98}}]},"5":{"loc":{"start":{"line":105,"column":51},"end":{"line":105,"column":98}},"type":"cond-expr","locations":[{"start":{"line":105,"column":70},"end":{"line":105,"column":79}},{"start":{"line":105,"column":82},"end":{"line":105,"column":98}}]},"6":{"loc":{"start":{"line":111,"column":19},"end":{"line":111,"column":91}},"type":"cond-expr","locations":[{"start":{"line":111,"column":38},"end":{"line":111,"column":62}},{"start":{"line":111,"column":65},"end":{"line":111,"column":91}}]},"7":{"loc":{"start":{"line":114,"column":48},"end":{"line":114,"column":85}},"type":"cond-expr","locations":[{"start":{"line":114,"column":67},"end":{"line":114,"column":75}},{"start":{"line":114,"column":78},"end":{"line":114,"column":85}}]},"8":{"loc":{"start":{"line":117,"column":21},"end":{"line":117,"column":61}},"type":"cond-expr","locations":[{"start":{"line":117,"column":40},"end":{"line":117,"column":49}},{"start":{"line":117,"column":52},"end":{"line":117,"column":61}}]}},"s":{"0":1,"1":1,"2":1,"3":1,"4":1,"5":1,"6":1,"7":1,"8":18,"9":18,"10":18,"11":18,"12":18,"13":3,"14":3,"15":3,"16":3,"17":3,"18":1,"19":1,"20":2,"21":18,"22":3,"23":3,"24":1,"25":1},"f":{"0":18,"1":3,"2":3,"3":3,"4":1},"b":{"0":[1,0],"1":[17,1],"2":[17,1],"3":[18,1],"4":[3,15],"5":[14,1],"6":[17,1],"7":[1,0],"8":[17,1]}}
,"/workspace/project/dr-dash-hub/src/pages/Landing.tsx": {"path":"/workspace/project/dr-dash-hub/src/pages/Landing.tsx","statementMap":{"0":{"start":{"line":1,"column":0},"end":{"line":1,"column":48}},"1":{"start":{"line":2,"column":0},"end":{"line":2,"column":49}},"2":{"start":{"line":3,"column":0},"end":{"line":3,"column":45}},"3":{"start":{"line":4,"column":0},"end":{"line":4,"column":50}},"4":{"start":{"line":5,"column":0},"end":{"line":5,"column":48}},"5":{"start":{"line":12,"column":23},"end":{"line":122,"column":1}},"6":{"start":{"line":14,"column":22},"end":{"line":24,"column":4}},"7":{"start":{"line":26,"column":2},"end":{"line":121,"column":4}},"8":{"start":{"line":12,"column":13},"end":{"line":12,"column":23}}},"fnMap":{"0":{"name":"(anonymous_1)","decl":{"start":{"line":12,"column":23},"end":{"line":12,"column":24}},"loc":{"start":{"line":12,"column":63},"end":{"line":122,"column":1}}}},"branchMap":{},"s":{"0":1,"1":1,"2":1,"3":1,"4":1,"5":1,"6":7,"7":7,"8":1},"f":{"0":7},"b":{}}
}
