TN:
SF:src/App.tsx
FN:18,(anonymous_0)
FN:26,(anonymous_1)
FN:29,(anonymous_2)
FN:44,(anonymous_3)
FN:55,(anonymous_4)
FN:58,(anonymous_5)
FN:63,(anonymous_6)
FN:68,(anonymous_7)
FN:92,(anonymous_8)
FN:101,(anonymous_9)
FN:114,(anonymous_10)
FN:144,(anonymous_11)
FN:146,(anonymous_12)
FN:158,(anonymous_13)
FN:166,(anonymous_14)
FNF:15
FNH:10
FNDA:51,(anonymous_0)
FNDA:16,(anonymous_1)
FNDA:16,(anonymous_2)
FNDA:15,(anonymous_3)
FNDA:16,(anonymous_4)
FNDA:3,(anonymous_5)
FNDA:5,(anonymous_6)
FNDA:0,(anonymous_7)
FNDA:1,(anonymous_8)
FNDA:0,(anonymous_9)
FNDA:50,(anonymous_10)
FNDA:0,(anonymous_11)
FNDA:0,(anonymous_12)
FNDA:4,(anonymous_13)
FNDA:0,(anonymous_14)
DA:1,1
DA:2,1
DA:3,1
DA:4,1
DA:5,1
DA:6,1
DA:7,1
DA:9,1
DA:10,1
DA:11,1
DA:12,1
DA:14,1
DA:18,1
DA:19,51
DA:20,50
DA:21,50
DA:22,50
DA:23,50
DA:26,50
DA:28,16
DA:30,16
DA:31,16
DA:33,16
DA:34,0
DA:35,16
DA:36,0
DA:39,16
DA:44,16
DA:45,15
DA:46,15
DA:48,15
DA:49,6
DA:52,15
DA:55,16
DA:58,50
DA:59,3
DA:60,3
DA:63,50
DA:64,5
DA:65,5
DA:68,50
DA:69,0
DA:70,0
DA:71,0
DA:78,0
DA:80,0
DA:84,0
DA:87,0
DA:88,0
DA:92,50
DA:93,1
DA:94,1
DA:95,1
DA:97,0
DA:101,50
DA:102,0
DA:103,0
DA:106,0
DA:107,0
DA:109,0
DA:114,50
DA:116,50
DA:117,16
DA:125,34
DA:126,0
DA:127,0
DA:130,34
DA:132,16
DA:141,8
DA:144,0
DA:147,0
DA:148,0
DA:154,6
DA:158,4
DA:163,4
DA:166,0
DA:173,0
DA:177,50
DA:192,1
LF:79
LH:56
BRDA:31,0,0,16
BRDA:31,0,1,16
BRDA:33,1,0,0
BRDA:33,1,1,16
BRDA:35,2,0,0
BRDA:35,2,1,16
BRDA:35,3,0,16
BRDA:35,3,1,16
BRDA:46,4,0,15
BRDA:46,4,1,9
BRDA:48,5,0,6
BRDA:48,5,1,9
BRDA:70,6,0,0
BRDA:70,6,1,0
BRDA:78,7,0,0
BRDA:78,7,1,0
BRDA:84,8,0,0
BRDA:84,8,1,0
BRDA:102,9,0,0
BRDA:102,9,1,0
BRDA:116,10,0,16
BRDA:116,10,1,34
BRDA:125,11,0,0
BRDA:125,11,1,34
BRDA:125,12,0,34
BRDA:125,12,1,24
BRDA:125,12,2,24
BRDA:130,13,0,16
BRDA:130,13,1,5
BRDA:130,13,2,8
BRDA:130,13,3,6
BRDA:130,13,4,4
BRDA:130,13,5,0
BRDA:154,14,0,6
BRDA:154,14,1,0
BRDA:163,15,0,4
BRDA:163,15,1,0
BRF:37
BRH:23
end_of_record
TN:
SF:src/__tests__/App-test-utils.tsx
FN:7,(anonymous_5)
FN:25,(anonymous_6)
FNF:2
FNH:2
FNDA:16,(anonymous_5)
FNDA:16,(anonymous_6)
DA:1,1
DA:2,1
DA:3,1
DA:4,1
DA:7,1
DA:8,16
DA:16,16
DA:25,1
DA:28,16
DA:31,1
DA:34,1
LF:11
LH:11
BRF:0
BRH:0
end_of_record
TN:
SF:src/__tests__/test-utils.tsx
FN:8,(anonymous_5)
FN:28,(anonymous_6)
FNF:2
FNH:2
FNDA:47,(anonymous_5)
FNDA:47,(anonymous_6)
DA:1,8
DA:2,8
DA:3,8
DA:4,8
DA:5,8
DA:8,8
DA:9,47
DA:17,47
DA:28,8
DA:31,47
DA:34,8
DA:37,8
LF:12
LH:12
BRF:0
BRH:0
end_of_record
TN:
SF:src/components/Navbar.tsx
FN:14,(anonymous_0)
FN:40,(anonymous_1)
FN:51,(anonymous_2)
FN:61,(anonymous_3)
FNF:4
FNH:4
FNDA:7,(anonymous_0)
FNDA:2,(anonymous_1)
FNDA:1,(anonymous_2)
FNDA:1,(anonymous_3)
DA:1,1
DA:2,1
DA:3,1
DA:14,1
DA:22,7
DA:24,7
DA:40,2
DA:52,1
DA:53,1
DA:62,1
DA:63,1
LF:11
LH:11
BRDA:15,0,0,1
BRDA:35,1,0,6
BRDA:35,1,1,1
BRDA:47,2,0,6
BRDA:47,2,1,2
BRF:5
BRH:5
end_of_record
TN:
SF:src/components/TLDRCard.tsx
FN:18,(anonymous_0)
FN:21,(anonymous_1)
FN:57,(anonymous_2)
FN:70,(anonymous_3)
FNF:4
FNH:4
FNDA:8,(anonymous_0)
FNDA:8,(anonymous_1)
FNDA:3,(anonymous_2)
FNDA:4,(anonymous_3)
DA:1,1
DA:2,1
DA:3,1
DA:4,1
DA:18,1
DA:19,8
DA:21,8
DA:22,8
DA:23,8
DA:31,8
DA:57,3
DA:71,4
LF:12
LH:12
BRDA:52,0,0,8
BRDA:52,0,1,7
BRDA:52,0,2,6
BRDA:61,1,0,2
BRDA:61,1,1,4
BRDA:68,2,0,6
BRDA:68,2,1,2
BRF:7
BRH:7
end_of_record
TN:
SF:src/components/ui/button.tsx
FN:46,(anonymous_9)
FNF:1
FNH:1
FNDA:103,(anonymous_9)
DA:1,5
DA:2,5
DA:3,5
DA:5,5
DA:7,5
DA:45,5
DA:47,103
DA:48,103
DA:57,5
DA:59,5
LF:10
LH:10
BRDA:46,0,0,102
BRDA:47,1,0,1
BRDA:47,1,1,102
BRF:3
BRH:3
end_of_record
TN:
SF:src/components/ui/card.tsx
FN:8,(anonymous_9)
FN:23,(anonymous_10)
FN:35,(anonymous_11)
FN:50,(anonymous_12)
FN:62,(anonymous_13)
FN:70,(anonymous_14)
FNF:6
FNH:6
FNDA:34,(anonymous_9)
FNDA:30,(anonymous_10)
FNDA:20,(anonymous_11)
FNDA:20,(anonymous_12)
FNDA:28,(anonymous_13)
FNDA:2,(anonymous_14)
DA:1,3
DA:3,3
DA:5,3
DA:9,34
DA:18,3
DA:20,3
DA:24,30
DA:30,3
DA:32,3
DA:36,20
DA:45,3
DA:47,3
DA:51,20
DA:57,3
DA:59,3
DA:63,28
DA:65,3
DA:67,3
DA:71,2
DA:77,3
DA:79,3
LF:21
LH:21
BRF:0
BRH:0
end_of_record
TN:
SF:src/components/ui/input.tsx
FN:6,(anonymous_9)
FNF:1
FNH:1
FNDA:36,(anonymous_9)
DA:1,1
DA:3,1
DA:5,1
DA:7,36
DA:20,1
DA:22,1
LF:6
LH:6
BRF:0
BRH:0
end_of_record
TN:
SF:src/components/ui/label.tsx
FN:15,(anonymous_9)
FNF:1
FNH:1
FNDA:36,(anonymous_9)
DA:1,1
DA:2,1
DA:3,1
DA:5,1
DA:7,1
DA:11,1
DA:16,36
DA:22,1
DA:24,1
LF:9
LH:9
BRF:0
BRH:0
end_of_record
TN:
SF:src/components/ui/sonner.tsx
FN:29,(anonymous_0)
FN:6,(anonymous_1)
FNF:2
FNH:1
FNDA:0,(anonymous_0)
FNDA:50,(anonymous_1)
DA:1,1
DA:2,1
DA:6,1
DA:7,50
DA:9,50
DA:29,1
LF:6
LH:6
BRDA:7,0,0,50
BRF:1
BRH:1
end_of_record
TN:
SF:src/components/ui/toast.tsx
FN:13,(anonymous_9)
FN:45,(anonymous_10)
FN:59,(anonymous_11)
FN:74,(anonymous_12)
FN:92,(anonymous_13)
FN:104,(anonymous_14)
FNF:6
FNH:3
FNDA:56,(anonymous_9)
FNDA:4,(anonymous_10)
FNDA:1,(anonymous_11)
FNDA:0,(anonymous_12)
FNDA:0,(anonymous_13)
FNDA:0,(anonymous_14)
DA:1,3
DA:2,3
DA:3,3
DA:4,3
DA:6,3
DA:8,3
DA:10,3
DA:14,56
DA:23,3
DA:25,3
DA:41,3
DA:46,4
DA:54,3
DA:56,3
DA:60,1
DA:69,3
DA:71,3
DA:75,0
DA:87,3
DA:89,3
DA:93,0
DA:99,3
DA:101,3
DA:105,0
DA:111,3
DA:120,3
DA:121,3
DA:122,3
DA:123,3
DA:124,3
DA:125,3
DA:126,3
LF:32
LH:29
BRF:0
BRH:0
end_of_record
TN:
SF:src/components/ui/toaster.tsx
FN:11,Toaster
FN:16,(anonymous_1)
FNF:2
FNH:1
FNDA:53,Toaster
FNDA:0,(anonymous_1)
DA:1,2
DA:2,2
DA:11,2
DA:12,53
DA:14,52
DA:17,0
LF:6
LH:5
BRDA:20,0,0,0
BRDA:20,0,1,0
BRDA:21,1,0,0
BRDA:21,1,1,0
BRF:4
BRH:0
end_of_record
TN:
SF:src/components/ui/tooltip.tsx
FN:15,(anonymous_9)
FNF:1
FNH:0
FNDA:0,(anonymous_9)
DA:1,9
DA:2,9
DA:4,9
DA:6,9
DA:8,9
DA:10,9
DA:12,9
DA:16,0
DA:26,9
DA:28,9
LF:10
LH:9
BRDA:15,0,0,0
BRF:1
BRH:0
end_of_record
TN:
SF:src/hooks/use-mobile.tsx
FN:5,useIsMobile
FN:8,(anonymous_10)
FN:10,(anonymous_11)
FN:15,(anonymous_12)
FNF:4
FNH:3
FNDA:8,useIsMobile
FNDA:4,(anonymous_10)
FNDA:0,(anonymous_11)
FNDA:4,(anonymous_12)
DA:1,1
DA:3,1
DA:5,1
DA:6,8
DA:8,8
DA:9,4
DA:10,4
DA:11,0
DA:13,4
DA:14,4
DA:15,4
DA:18,8
LF:12
LH:11
BRF:0
BRH:0
end_of_record
TN:
SF:src/hooks/use-toast.ts
FN:27,genId
FN:58,(anonymous_10)
FN:63,(anonymous_11)
FN:74,(anonymous_12)
FN:85,(anonymous_13)
FN:98,(anonymous_14)
FN:105,(anonymous_15)
FN:124,(anonymous_16)
FN:133,dispatch
FN:135,(anonymous_18)
FN:142,toast
FN:145,(anonymous_20)
FN:150,(anonymous_21)
FN:158,(anonymous_22)
FN:171,useToast
FN:174,(anonymous_24)
FN:176,(anonymous_25)
FN:187,(anonymous_26)
FNF:18
FNH:11
FNDA:6,genId
FNDA:1,(anonymous_10)
FNDA:0,(anonymous_11)
FNDA:7,(anonymous_12)
FNDA:0,(anonymous_13)
FNDA:0,(anonymous_14)
FNDA:1,(anonymous_15)
FNDA:0,(anonymous_16)
FNDA:7,dispatch
FNDA:7,(anonymous_18)
FNDA:6,toast
FNDA:0,(anonymous_20)
FNDA:0,(anonymous_21)
FNDA:0,(anonymous_22)
FNDA:65,useToast
FNDA:30,(anonymous_24)
FNDA:30,(anonymous_25)
FNDA:1,(anonymous_26)
DA:1,3
DA:8,3
DA:9,3
DA:18,3
DA:25,3
DA:28,6
DA:29,6
DA:56,3
DA:58,3
DA:59,1
DA:60,0
DA:63,1
DA:64,0
DA:65,0
DA:71,1
DA:74,3
DA:75,7
DA:77,6
DA:83,0
DA:86,0
DA:91,1
DA:95,1
DA:96,1
DA:98,0
DA:99,0
DA:103,1
DA:106,1
DA:116,0
DA:117,0
DA:122,0
DA:124,0
DA:129,3
DA:131,3
DA:134,7
DA:135,7
DA:136,7
DA:143,6
DA:145,6
DA:146,0
DA:150,6
DA:152,6
DA:159,0
DA:164,6
DA:172,65
DA:174,64
DA:175,30
DA:176,30
DA:177,30
DA:178,30
DA:179,30
DA:184,64
DA:187,1
DA:191,3
LF:53
LH:40
BRDA:59,0,0,0
BRDA:59,0,1,1
BRDA:75,1,0,6
BRDA:75,1,1,0
BRDA:75,1,2,1
BRDA:75,1,3,0
BRDA:86,2,0,0
BRDA:86,2,1,0
BRDA:95,3,0,1
BRDA:95,3,1,0
BRDA:106,4,0,1
BRDA:106,4,1,0
BRDA:106,5,0,1
BRDA:106,5,1,0
BRDA:116,6,0,0
BRDA:116,6,1,0
BRDA:159,7,0,0
BRDA:159,7,1,0
BRDA:178,8,0,30
BRDA:178,8,1,0
BRF:20
BRH:7
end_of_record
TN:
SF:src/lib/utils.ts
FN:4,cn
FNF:1
FNH:1
FNDA:370,cn
DA:1,9
DA:2,9
DA:4,9
DA:5,370
LF:4
LH:4
BRF:0
BRH:0
end_of_record
TN:
SF:src/pages/Auth.tsx
FN:16,(anonymous_0)
FN:22,(anonymous_1)
FN:80,(anonymous_2)
FN:93,(anonymous_3)
FN:114,(anonymous_4)
FNF:5
FNH:5
FNDA:18,(anonymous_0)
FNDA:3,(anonymous_1)
FNDA:3,(anonymous_2)
FNDA:3,(anonymous_3)
FNDA:1,(anonymous_4)
DA:1,1
DA:2,1
DA:3,1
DA:4,1
DA:5,1
DA:6,1
DA:7,1
DA:16,1
DA:17,18
DA:18,18
DA:19,18
DA:20,18
DA:22,18
DA:23,3
DA:24,3
DA:25,3
DA:27,3
DA:28,3
DA:30,1
DA:31,1
DA:33,2
DA:37,18
DA:80,3
DA:93,3
DA:114,1
LF:25
LH:25
BRDA:31,0,0,1
BRDA:31,0,1,0
BRDA:55,1,0,17
BRDA:55,1,1,1
BRDA:58,2,0,17
BRDA:58,2,1,1
BRDA:67,3,0,18
BRDA:67,3,1,1
BRDA:105,4,0,3
BRDA:105,4,1,15
BRDA:105,5,0,14
BRDA:105,5,1,1
BRDA:111,6,0,17
BRDA:111,6,1,1
BRDA:114,7,0,1
BRDA:114,7,1,0
BRDA:117,8,0,17
BRDA:117,8,1,1
BRF:18
BRH:16
end_of_record
TN:
SF:src/pages/Landing.tsx
FN:12,(anonymous_1)
FNF:1
FNH:1
FNDA:7,(anonymous_1)
DA:1,1
DA:2,1
DA:3,1
DA:4,1
DA:5,1
DA:12,1
DA:14,7
DA:26,7
LF:8
LH:8
BRF:0
BRH:0
end_of_record
